Log file open, 01/30/22 11:46:04
LogWindows: Failed to load 'aqProf.dll' (GetLastError=126)
LogWindows: File 'aqProf.dll' does not exist
LogWindows: Failed to load 'VtuneApi.dll' (GetLastError=126)
LogWindows: File 'VtuneApi.dll' does not exist
LogWindows: Failed to load 'VtuneApi32e.dll' (GetLastError=126)
LogWindows: File 'VtuneApi32e.dll' does not exist
LogConsoleResponse: Display: Failed to find resolution value strings in scalability ini. Falling back to default.
LogConsoleResponse: Display: Failed to find resolution value strings in scalability ini. Falling back to default.
LogInit: Display: Running engine for game: ProjectUL
LogPlatformFile: Not using cached read wrapper
LogTaskGraph: Started task graph with 5 named threads and 83 total threads with 3 sets of task threads.
LogStats: Stats thread started at 4.489091
LogICUInternationalization: ICU TimeZone Detection - Raw Offset: +3:00, Platform Override: ''
LogInit: Display: Loading text-based GConfig....
LogPluginManager: Mounting plugin MeshPainting
LogPluginManager: Mounting plugin XGEController
LogPluginManager: Mounting plugin Paper2D
LogPluginManager: Mounting plugin CameraShakePreviewer
LogPluginManager: Mounting plugin OodleData
LogPluginManager: Mounting plugin LightPropagationVolume
LogPluginManager: Mounting plugin OodleNetwork
LogPluginManager: Mounting plugin GameplayCameras
LogPluginManager: Mounting plugin AnimationSharing
LogPluginManager: Mounting plugin AISupport
LogPluginManager: Mounting plugin EnvironmentQueryEditor
LogPluginManager: Mounting plugin CLionSourceCodeAccess
LogPluginManager: Mounting plugin CodeLiteSourceCodeAccess
LogPluginManager: Mounting plugin NullSourceCodeAccess
LogPluginManager: Mounting plugin GitSourceControl
LogPluginManager: Mounting plugin KDevelopSourceCodeAccess
LogPluginManager: Mounting plugin PixWinPlugin
LogPluginManager: Mounting plugin DatasmithContent
LogPluginManager: Mounting plugin PerforceSourceControl
LogPluginManager: Mounting plugin PlasticSourceControl
LogPluginManager: Mounting plugin PluginUtils
LogPluginManager: Mounting plugin PropertyAccessNode
LogPluginManager: Mounting plugin SubversionSourceControl
LogPluginManager: Mounting plugin TextureFormatOodle
LogPluginManager: Mounting plugin AlembicImporter
LogPluginManager: Mounting plugin RiderSourceCodeAccess
LogPluginManager: Mounting plugin UObjectPlugin
LogPluginManager: Mounting plugin VisualStudioSourceCodeAccess
LogPluginManager: Mounting plugin VisualStudioCodeSourceCodeAccess
LogPluginManager: Mounting plugin VariantManagerContent
LogPluginManager: Mounting plugin XCodeSourceCodeAccess
LogPluginManager: Mounting plugin AutomationUtils
LogPluginManager: Mounting plugin BackChannel
LogPluginManager: Mounting plugin ChaosCloth
LogPluginManager: Mounting plugin ChaosClothEditor
LogPluginManager: Mounting plugin ChaosEditor
LogPluginManager: Mounting plugin ChaosSolverPlugin
LogPluginManager: Mounting plugin ChaosNiagara
LogPluginManager: Mounting plugin Niagara
LogPluginManager: Mounting plugin CharacterAI
LogPluginManager: Mounting plugin GeometryCache
LogPluginManager: Mounting plugin GeometryCollectionPlugin
LogPluginManager: Mounting plugin GeometryProcessing
LogPluginManager: Mounting plugin MotoSynth
LogPluginManager: Mounting plugin OpenImageDenoise
LogPluginManager: Mounting plugin AssetManagerEditor
LogPluginManager: Mounting plugin PlatformCrypto
LogPluginManager: Mounting plugin ProxyLODPlugin
LogPluginManager: Mounting plugin PythonScriptPlugin
LogPluginManager: Mounting plugin CryptoKeys
LogPluginManager: Mounting plugin CurveEditorTools
LogPluginManager: Mounting plugin DataValidation
LogPluginManager: Mounting plugin FacialAnimation
LogPluginManager: Mounting plugin GameplayTagsEditor
LogPluginManager: Mounting plugin GeometryMode
LogPluginManager: Mounting plugin MacGraphicsSwitching
LogPluginManager: Mounting plugin MaterialAnalyzer
LogPluginManager: Mounting plugin MobileLauncherProfileWizard
LogPluginManager: Mounting plugin PluginBrowser
LogPluginManager: Mounting plugin SpeedTreeImporter
LogPluginManager: Mounting plugin AlembicHairImporter
LogPluginManager: Mounting plugin LuminPlatformFeatures
LogPluginManager: Mounting plugin MagicLeap
LogPluginManager: Mounting plugin MagicLeapLightEstimation
LogPluginManager: Mounting plugin MagicLeapMedia
LogPluginManager: Mounting plugin PlanarCut
LogPluginManager: Mounting plugin MagicLeapPassableWorld
LogPluginManager: Mounting plugin MLSDK
LogPluginManager: Mounting plugin AndroidMedia
LogPluginManager: Mounting plugin SkeletalReduction
LogPluginManager: Mounting plugin UdpMessaging
LogPluginManager: Mounting plugin TcpMessaging
LogPluginManager: Mounting plugin AvfMedia
LogPluginManager: Mounting plugin ActorSequence
LogPluginManager: Mounting plugin ImgMedia
LogPluginManager: Mounting plugin MediaCompositing
LogPluginManager: Mounting plugin LevelSequenceEditor
LogPluginManager: Mounting plugin MatineeToLevelSequence
LogPluginManager: Mounting plugin MediaPlayerEditor
LogPluginManager: Mounting plugin TemplateSequence
LogPluginManager: Mounting plugin WebMMedia
LogPluginManager: Mounting plugin WmfMedia
LogPluginManager: Mounting plugin OnlineSubsystem
LogPluginManager: Mounting plugin ActorLayerUtilities
LogPluginManager: Mounting plugin OnlineSubsystemNull
LogPluginManager: Mounting plugin OnlineSubsystemUtils
LogPluginManager: Mounting plugin AndroidMoviePlayer
LogPluginManager: Mounting plugin AndroidDeviceProfileSelector
LogPluginManager: Mounting plugin AndroidPermission
LogPluginManager: Mounting plugin AppleImageUtils
LogPluginManager: Mounting plugin AppleMoviePlayer
LogPluginManager: Mounting plugin ArchVisCharacter
LogPluginManager: Mounting plugin AssetTags
LogPluginManager: Mounting plugin AudioCapture
LogPluginManager: Mounting plugin AudioSynesthesia
LogPluginManager: Mounting plugin CableComponent
LogPluginManager: Mounting plugin ChunkDownloader
LogPluginManager: Mounting plugin CustomMeshComponent
LogPluginManager: Mounting plugin EditableMesh
LogPluginManager: Mounting plugin ExampleDeviceProfileSelector
LogPluginManager: Mounting plugin GoogleCloudMessaging
LogPluginManager: Mounting plugin GooglePAD
LogPluginManager: Mounting plugin HairStrands
LogPluginManager: Mounting plugin IOSDeviceProfileSelector
LogPluginManager: Mounting plugin LinuxDeviceProfileSelector
LogPluginManager: Mounting plugin LocationServicesBPLibrary
LogPluginManager: Mounting plugin MobilePatchingUtils
LogPluginManager: Mounting plugin PhysXVehicles
LogPluginManager: Mounting plugin PostSplashScreen
LogPluginManager: Mounting plugin ProceduralMeshComponent
LogPluginManager: Mounting plugin PropertyAccessEditor
LogPluginManager: Mounting plugin RuntimePhysXCooking
LogPluginManager: Mounting plugin SignificanceManager
LogPluginManager: Mounting plugin SoundFields
LogPluginManager: Mounting plugin Synthesis
LogPluginManager: Mounting plugin LauncherChunkInstaller
LogPluginManager: Mounting plugin WebMMoviePlayer
LogPluginManager: Mounting plugin WindowsMoviePlayer
LogPluginManager: Mounting plugin ScreenshotTools
LogPluginManager: Mounting plugin ContentBrowserAssetDataSource
LogPluginManager: Mounting plugin ContentBrowserClassDataSource
LogPluginManager: Mounting plugin ContentBrowserFileDataSource
LogPluginManager: Mounting plugin OnlineSubsystemGooglePlay
LogPluginManager: Mounting plugin OnlineSubsystemIOS
PixWinPlugin: PIX capture plugin failed to initialize! Check that the process is launched from PIX.
LogInit: Using libcurl 7.55.1-DEV
LogInit:  - built for x86_64-pc-win32
LogInit:  - supports SSL with OpenSSL/1.1.1
LogInit:  - supports HTTP deflate (compression) using libz 1.2.8
LogInit:  - other features:
LogInit:      CURL_VERSION_SSL
LogInit:      CURL_VERSION_LIBZ
LogInit:      CURL_VERSION_IPV6
LogInit:      CURL_VERSION_ASYNCHDNS
LogInit:      CURL_VERSION_LARGEFILE
LogInit:      CURL_VERSION_IDN
LogInit:  CurlRequestOptions (configurable via config and command line):
LogInit:  - bVerifyPeer = true  - Libcurl will verify peer certificate
LogInit:  - bUseHttpProxy = false  - Libcurl will NOT use HTTP proxy
LogInit:  - bDontReuseConnections = false  - Libcurl will reuse connections
LogInit:  - MaxHostConnections = 16  - Libcurl will limit the number of connections to a host
LogInit:  - LocalHostAddr = Default
LogInit:  - BufferSize = 65536
LogOnline: OSS: Creating online subsystem instance for: NULL
LogInit: WinSock: version 1.1 (2.2), MaxSocks=32767, MaxUdp=65467
LogOnline: OSS: TryLoadSubsystemAndSetDefault: Loaded subsystem for module [NULL]
LogInit: Build: ++UE4+Release-4.27-CL-18319896
LogInit: Engine Version: 4.27.2-18319896+++UE4+Release-4.27
LogInit: Compatible Engine Version: 4.27.0-17155196+++UE4+Release-4.27
LogInit: Net CL: 17155196
LogInit: OS: Windows 10 (Release 2009) (), CPU: AMD Ryzen 9 3950X 16-Core Processor            , GPU: NVIDIA GeForce RTX 3070 Ti
LogInit: Compiled (64-bit): Nov 30 2021 07:12:08
LogInit: Compiled with Visual C++: 19.24.28315.00
LogInit: Build Configuration: Development
LogInit: Branch Name: ++UE4+Release-4.27
LogInit: Command Line: 
LogInit: Base Directory: G:/Unreal/UnrealEngine/UE_4.27/Engine/Binaries/Win64/
LogInit: Allocator: TBB
LogInit: Installed Engine Build: 1
LogDevObjectVersion: Number of dev versions registered: 29
LogDevObjectVersion:   Dev-Blueprints (B0D832E4-1F89-4F0D-ACCF-7EB736FD4AA2): 10
LogDevObjectVersion:   Dev-Build (E1C64328-A22C-4D53-A36C-8E866417BD8C): 0
LogDevObjectVersion:   Dev-Core (375EC13C-06E4-48FB-B500-84F0262A717E): 4
LogDevObjectVersion:   Dev-Editor (E4B068ED-F494-42E9-A231-DA0B2E46BB41): 40
LogDevObjectVersion:   Dev-Framework (CFFC743F-43B0-4480-9391-14DF171D2073): 37
LogDevObjectVersion:   Dev-Mobile (B02B49B5-BB20-44E9-A304-32B752E40360): 3
LogDevObjectVersion:   Dev-Networking (A4E4105C-59A1-49B5-A7C5-40C4547EDFEE): 0
LogDevObjectVersion:   Dev-Online (39C831C9-5AE6-47DC-9A44-9C173E1C8E7C): 0
LogDevObjectVersion:   Dev-Physics (78F01B33-EBEA-4F98-B9B4-84EACCB95AA2): 14
LogDevObjectVersion:   Dev-Platform (6631380F-2D4D-43E0-8009-CF276956A95A): 0
LogDevObjectVersion:   Dev-Rendering (12F88B9F-8875-4AFC-A67C-D90C383ABD29): 45
LogDevObjectVersion:   Dev-Sequencer (7B5AE74C-D270-4C10-A958-57980B212A5A): 13
LogDevObjectVersion:   Dev-VR (D7296918-1DD6-4BDD-9DE2-64A83CC13884): 3
LogDevObjectVersion:   Dev-LoadTimes (C2A15278-BFE7-4AFE-6C17-90FF531DF755): 1
LogDevObjectVersion:   Private-Geometry (6EACA3D4-40EC-4CC1-B786-8BED09428FC5): 3
LogDevObjectVersion:   Dev-AnimPhys (29E575DD-E0A3-4627-9D10-D276232CDCEA): 17
LogDevObjectVersion:   Dev-Anim (AF43A65D-7FD3-4947-9873-3E8ED9C1BB05): 15
LogDevObjectVersion:   Dev-ReflectionCapture (6B266CEC-1EC7-4B8F-A30B-E4D90942FC07): 1
LogDevObjectVersion:   Dev-Automation (0DF73D61-A23F-47EA-B727-89E90C41499A): 1
LogDevObjectVersion:   FortniteMain (601D1886-AC64-4F84-AA16-D3DE0DEAC7D6): 47
LogDevObjectVersion:   FortniteRelease (E7086368-6B23-4C58-8439-1B7016265E91): 1
LogDevObjectVersion:   Dev-Enterprise (9DFFBCD6-494F-0158-E221-12823C92A888): 10
LogDevObjectVersion:   Dev-Niagara (F2AED0AC-9AFE-416F-8664-AA7FFA26D6FC): 1
LogDevObjectVersion:   Dev-Destruction (174F1F0B-B4C6-45A5-B13F-2EE8D0FB917D): 10
LogDevObjectVersion:   Dev-Physics-Ext (35F94A83-E258-406C-A318-09F59610247C): 41
LogDevObjectVersion:   Dev-PhysicsMaterial-Chaos (B68FC16E-8B1B-42E2-B453-215C058844FE): 1
LogDevObjectVersion:   Dev-CineCamera (B2E18506-4273-CFC2-A54E-F4BB758BBA07): 1
LogDevObjectVersion:   Dev-VirtualProduction (64F58936-FD1B-42BA-BA96-7289D5D0FA4E): 1
LogDevObjectVersion:   Dev-MediaFramework (6F0ED827-A609-4895-9C91-998D90180EA4): 2
LogInit: Presizing for max 25165824 objects, including 0 objects not considered by GC, pre-allocating 0 bytes for permanent pool.
LogConfig: Applying CVar settings from Section [/Script/Engine.StreamingSettings] File [F:/UnrealEngineGames/ProjectUL/Saved/Config/Windows/Engine.ini]
LogConfig: Setting CVar [[s.MinBulkDataSizeForAsyncLoading:131072]]
LogConfig: Setting CVar [[s.AsyncLoadingThreadEnabled:0]]
LogConfig: Setting CVar [[s.EventDrivenLoaderEnabled:1]]
LogConfig: Setting CVar [[s.WarnIfTimeLimitExceeded:0]]
LogConfig: Setting CVar [[s.TimeLimitExceededMultiplier:1.5]]
LogConfig: Setting CVar [[s.TimeLimitExceededMinTime:0.005]]
LogConfig: Setting CVar [[s.UseBackgroundLevelStreaming:1]]
LogConfig: Setting CVar [[s.PriorityAsyncLoadingExtraTime:15.0]]
LogConfig: Setting CVar [[s.LevelStreamingActorsUpdateTimeLimit:5.0]]
LogConfig: Setting CVar [[s.PriorityLevelStreamingActorsUpdateExtraTime:5.0]]
LogConfig: Setting CVar [[s.LevelStreamingComponentsRegistrationGranularity:10]]
LogConfig: Setting CVar [[s.UnregisterComponentsTimeLimit:1.0]]
LogConfig: Setting CVar [[s.LevelStreamingComponentsUnregistrationGranularity:5]]
LogConfig: Setting CVar [[s.FlushStreamingOnExit:1]]
LogInit: Object subsystem initialized
LogConfig: Setting CVar [[con.DebugEarlyDefault:1]]
LogConfig: Setting CVar [[r.setres:1280x720]]
LogConfig: Setting CVar [[fx.NiagaraAllowRuntimeScalabilityChanges:1]]
[2022.01.30-08.46.09:056][  0]LogConfig: Setting CVar [[r.VSync:0]]
[2022.01.30-08.46.09:056][  0]LogConfig: Setting CVar [[r.RHICmdBypass:0]]
[2022.01.30-08.46.09:056][  0]LogConfig: Applying CVar settings from Section [/Script/Engine.RendererSettings] File [F:/UnrealEngineGames/ProjectUL/Saved/Config/Windows/Engine.ini]
[2022.01.30-08.46.09:056][  0]LogConfig: Setting CVar [[r.GPUCrashDebugging:0]]
[2022.01.30-08.46.09:056][  0]LogConfig: Applying CVar settings from Section [/Script/Engine.RendererOverrideSettings] File [F:/UnrealEngineGames/ProjectUL/Saved/Config/Windows/Engine.ini]
[2022.01.30-08.46.09:056][  0]LogConfig: Applying CVar settings from Section [/Script/Engine.StreamingSettings] File [F:/UnrealEngineGames/ProjectUL/Saved/Config/Windows/Engine.ini]
[2022.01.30-08.46.09:056][  0]LogConfig: Setting CVar [[s.MinBulkDataSizeForAsyncLoading:131072]]
[2022.01.30-08.46.09:056][  0]LogConfig: Setting CVar [[s.AsyncLoadingThreadEnabled:0]]
[2022.01.30-08.46.09:056][  0]LogConfig: Setting CVar [[s.EventDrivenLoaderEnabled:1]]
[2022.01.30-08.46.09:056][  0]LogConfig: Setting CVar [[s.WarnIfTimeLimitExceeded:0]]
[2022.01.30-08.46.09:056][  0]LogConfig: Setting CVar [[s.TimeLimitExceededMultiplier:1.5]]
[2022.01.30-08.46.09:056][  0]LogConfig: Setting CVar [[s.TimeLimitExceededMinTime:0.005]]
[2022.01.30-08.46.09:056][  0]LogConfig: Setting CVar [[s.UseBackgroundLevelStreaming:1]]
[2022.01.30-08.46.09:056][  0]LogConfig: Setting CVar [[s.PriorityAsyncLoadingExtraTime:15.0]]
[2022.01.30-08.46.09:056][  0]LogConfig: Setting CVar [[s.LevelStreamingActorsUpdateTimeLimit:5.0]]
[2022.01.30-08.46.09:056][  0]LogConfig: Setting CVar [[s.PriorityLevelStreamingActorsUpdateExtraTime:5.0]]
[2022.01.30-08.46.09:056][  0]LogConfig: Setting CVar [[s.LevelStreamingComponentsRegistrationGranularity:10]]
[2022.01.30-08.46.09:056][  0]LogConfig: Setting CVar [[s.UnregisterComponentsTimeLimit:1.0]]
[2022.01.30-08.46.09:056][  0]LogConfig: Setting CVar [[s.LevelStreamingComponentsUnregistrationGranularity:5]]
[2022.01.30-08.46.09:056][  0]LogConfig: Setting CVar [[s.FlushStreamingOnExit:1]]
[2022.01.30-08.46.09:056][  0]LogConfig: Applying CVar settings from Section [/Script/Engine.GarbageCollectionSettings] File [F:/UnrealEngineGames/ProjectUL/Saved/Config/Windows/Engine.ini]
[2022.01.30-08.46.09:056][  0]LogConfig: Setting CVar [[gc.MaxObjectsNotConsideredByGC:1]]
[2022.01.30-08.46.09:056][  0]LogConfig: Setting CVar [[gc.SizeOfPermanentObjectPool:0]]
[2022.01.30-08.46.09:056][  0]LogConfig: Setting CVar [[gc.FlushStreamingOnGC:0]]
[2022.01.30-08.46.09:056][  0]LogConfig: Setting CVar [[gc.NumRetriesBeforeForcingGC:10]]
[2022.01.30-08.46.09:056][  0]LogConfig: Setting CVar [[gc.AllowParallelGC:1]]
[2022.01.30-08.46.09:056][  0]LogConfig: Setting CVar [[gc.TimeBetweenPurgingPendingKillObjects:61.1]]
[2022.01.30-08.46.09:056][  0]LogConfig: Setting CVar [[gc.MaxObjectsInEditor:25165824]]
[2022.01.30-08.46.09:056][  0]LogConfig: Setting CVar [[gc.IncrementalBeginDestroyEnabled:1]]
[2022.01.30-08.46.09:056][  0]LogConfig: Setting CVar [[gc.CreateGCClusters:1]]
[2022.01.30-08.46.09:056][  0]LogConfig: Setting CVar [[gc.MinGCClusterSize:5]]
[2022.01.30-08.46.09:056][  0]LogConfig: Setting CVar [[gc.ActorClusteringEnabled:0]]
[2022.01.30-08.46.09:056][  0]LogConfig: Setting CVar [[gc.BlueprintClusteringEnabled:0]]
[2022.01.30-08.46.09:056][  0]LogConfig: Setting CVar [[gc.UseDisregardForGCOnDedicatedServers:0]]
[2022.01.30-08.46.09:056][  0]LogConfig: Setting CVar [[gc.MultithreadedDestructionEnabled:1]]
[2022.01.30-08.46.09:056][  0]LogConfig: Applying CVar settings from Section [/Script/Engine.NetworkSettings] File [F:/UnrealEngineGames/ProjectUL/Saved/Config/Windows/Engine.ini]
[2022.01.30-08.46.09:056][  0]LogConfig: Applying CVar settings from Section [/Script/UnrealEd.CookerSettings] File [F:/UnrealEngineGames/ProjectUL/Saved/Config/Windows/Engine.ini]
[2022.01.30-08.46.09:121][  0]LogConfig: Applying CVar settings from Section [ViewDistanceQuality@3] File [F:/UnrealEngineGames/ProjectUL/Saved/Config/Windows/Scalability.ini]
[2022.01.30-08.46.09:121][  0]LogConfig: Setting CVar [[r.SkeletalMeshLODBias:0]]
[2022.01.30-08.46.09:121][  0]LogConfig: Setting CVar [[r.ViewDistanceScale:1.0]]
[2022.01.30-08.46.09:121][  0]LogConfig: Applying CVar settings from Section [AntiAliasingQuality@3] File [F:/UnrealEngineGames/ProjectUL/Saved/Config/Windows/Scalability.ini]
[2022.01.30-08.46.09:121][  0]LogConfig: Setting CVar [[r.PostProcessAAQuality:4]]
[2022.01.30-08.46.09:121][  0]LogConfig: Applying CVar settings from Section [ShadowQuality@3] File [F:/UnrealEngineGames/ProjectUL/Saved/Config/Windows/Scalability.ini]
[2022.01.30-08.46.09:121][  0]LogConfig: Setting CVar [[r.LightFunctionQuality:1]]
[2022.01.30-08.46.09:121][  0]LogConfig: Setting CVar [[r.ShadowQuality:5]]
[2022.01.30-08.46.09:121][  0]LogConfig: Setting CVar [[r.Shadow.CSM.MaxCascades:10]]
[2022.01.30-08.46.09:122][  0]LogConfig: Setting CVar [[r.Shadow.MaxResolution:2048]]
[2022.01.30-08.46.09:122][  0]LogConfig: Setting CVar [[r.Shadow.MaxCSMResolution:2048]]
[2022.01.30-08.46.09:122][  0]LogConfig: Setting CVar [[r.Shadow.RadiusThreshold:0.01]]
[2022.01.30-08.46.09:122][  0]LogConfig: Setting CVar [[r.Shadow.DistanceScale:1.0]]
[2022.01.30-08.46.09:122][  0]LogConfig: Setting CVar [[r.Shadow.CSM.TransitionScale:1.0]]
[2022.01.30-08.46.09:122][  0]LogConfig: Setting CVar [[r.Shadow.PreShadowResolutionFactor:1.0]]
[2022.01.30-08.46.09:122][  0]LogConfig: Setting CVar [[r.DistanceFieldShadowing:1]]
[2022.01.30-08.46.09:122][  0]LogConfig: Setting CVar [[r.DistanceFieldAO:1]]
[2022.01.30-08.46.09:122][  0]LogConfig: Setting CVar [[r.AOQuality:2]]
[2022.01.30-08.46.09:122][  0]LogConfig: Setting CVar [[r.VolumetricFog:1]]
[2022.01.30-08.46.09:122][  0]LogConfig: Setting CVar [[r.VolumetricFog.GridPixelSize:8]]
[2022.01.30-08.46.09:122][  0]LogConfig: Setting CVar [[r.VolumetricFog.GridSizeZ:128]]
[2022.01.30-08.46.09:122][  0]LogConfig: Setting CVar [[r.VolumetricFog.HistoryMissSupersampleCount:4]]
[2022.01.30-08.46.09:122][  0]LogConfig: Setting CVar [[r.LightMaxDrawDistanceScale:1]]
[2022.01.30-08.46.09:122][  0]LogConfig: Setting CVar [[r.CapsuleShadows:1]]
[2022.01.30-08.46.09:122][  0]LogConfig: Applying CVar settings from Section [PostProcessQuality@3] File [F:/UnrealEngineGames/ProjectUL/Saved/Config/Windows/Scalability.ini]
[2022.01.30-08.46.09:122][  0]LogConfig: Setting CVar [[r.MotionBlurQuality:4]]
[2022.01.30-08.46.09:122][  0]LogConfig: Setting CVar [[r.AmbientOcclusionMipLevelFactor:0.4]]
[2022.01.30-08.46.09:122][  0]LogConfig: Setting CVar [[r.AmbientOcclusionMaxQuality:100]]
[2022.01.30-08.46.09:122][  0]LogConfig: Setting CVar [[r.AmbientOcclusionLevels:-1]]
[2022.01.30-08.46.09:122][  0]LogConfig: Setting CVar [[r.AmbientOcclusionRadiusScale:1.0]]
[2022.01.30-08.46.09:122][  0]LogConfig: Setting CVar [[r.DepthOfFieldQuality:2]]
[2022.01.30-08.46.09:122][  0]LogConfig: Setting CVar [[r.RenderTargetPoolMin:400]]
[2022.01.30-08.46.09:122][  0]LogConfig: Setting CVar [[r.LensFlareQuality:2]]
[2022.01.30-08.46.09:122][  0]LogConfig: Setting CVar [[r.SceneColorFringeQuality:1]]
[2022.01.30-08.46.09:122][  0]LogConfig: Setting CVar [[r.EyeAdaptationQuality:2]]
[2022.01.30-08.46.09:122][  0]LogConfig: Setting CVar [[r.BloomQuality:5]]
[2022.01.30-08.46.09:122][  0]LogConfig: Setting CVar [[r.FastBlurThreshold:100]]
[2022.01.30-08.46.09:122][  0]LogConfig: Setting CVar [[r.Upscale.Quality:3]]
[2022.01.30-08.46.09:122][  0]LogConfig: Setting CVar [[r.Tonemapper.GrainQuantization:1]]
[2022.01.30-08.46.09:122][  0]LogConfig: Setting CVar [[r.LightShaftQuality:1]]
[2022.01.30-08.46.09:122][  0]LogConfig: Setting CVar [[r.Filter.SizeScale:1]]
[2022.01.30-08.46.09:122][  0]LogConfig: Setting CVar [[r.Tonemapper.Quality:5]]
[2022.01.30-08.46.09:122][  0]LogConfig: Setting CVar [[r.DOF.Gather.AccumulatorQuality:1        ; higher gathering accumulator quality]]
[2022.01.30-08.46.09:122][  0]LogConfig: Setting CVar [[r.DOF.Gather.PostfilterMethod:1          ; Median3x3 postfilering method]]
[2022.01.30-08.46.09:122][  0]LogConfig: Setting CVar [[r.DOF.Gather.EnableBokehSettings:0       ; no bokeh simulation when gathering]]
[2022.01.30-08.46.09:122][  0]LogConfig: Setting CVar [[r.DOF.Gather.RingCount:4                 ; medium number of samples when gathering]]
[2022.01.30-08.46.09:122][  0]LogConfig: Setting CVar [[r.DOF.Scatter.ForegroundCompositing:1    ; additive foreground scattering]]
[2022.01.30-08.46.09:122][  0]LogConfig: Setting CVar [[r.DOF.Scatter.BackgroundCompositing:2    ; additive background scattering]]
[2022.01.30-08.46.09:122][  0]LogConfig: Setting CVar [[r.DOF.Scatter.EnableBokehSettings:1      ; bokeh simulation when scattering]]
[2022.01.30-08.46.09:122][  0]LogConfig: Setting CVar [[r.DOF.Scatter.MaxSpriteRatio:0.1         ; only a maximum of 10% of scattered bokeh]]
[2022.01.30-08.46.09:122][  0]LogConfig: Setting CVar [[r.DOF.Recombine.Quality:1                ; cheap slight out of focus]]
[2022.01.30-08.46.09:122][  0]LogConfig: Setting CVar [[r.DOF.Recombine.EnableBokehSettings:0    ; no bokeh simulation on slight out of focus]]
[2022.01.30-08.46.09:122][  0]LogConfig: Setting CVar [[r.DOF.TemporalAAQuality:1                ; more stable temporal accumulation]]
[2022.01.30-08.46.09:122][  0]LogConfig: Setting CVar [[r.DOF.Kernel.MaxForegroundRadius:0.025]]
[2022.01.30-08.46.09:122][  0]LogConfig: Setting CVar [[r.DOF.Kernel.MaxBackgroundRadius:0.025]]
[2022.01.30-08.46.09:122][  0]LogConfig: Applying CVar settings from Section [TextureQuality@3] File [F:/UnrealEngineGames/ProjectUL/Saved/Config/Windows/Scalability.ini]
[2022.01.30-08.46.09:122][  0]LogConfig: Setting CVar [[r.Streaming.MipBias:0]]
[2022.01.30-08.46.09:122][  0]LogConfig: Setting CVar [[r.Streaming.AmortizeCPUToGPUCopy:0]]
[2022.01.30-08.46.09:122][  0]LogConfig: Setting CVar [[r.Streaming.MaxNumTexturesToStreamPerFrame:0]]
[2022.01.30-08.46.09:122][  0]LogConfig: Setting CVar [[r.Streaming.Boost:1]]
[2022.01.30-08.46.09:122][  0]LogConfig: Setting CVar [[r.MaxAnisotropy:8]]
[2022.01.30-08.46.09:122][  0]LogConfig: Setting CVar [[r.VT.MaxAnisotropy:8]]
[2022.01.30-08.46.09:122][  0]LogConfig: Setting CVar [[r.Streaming.LimitPoolSizeToVRAM:0]]
[2022.01.30-08.46.09:122][  0]LogConfig: Setting CVar [[r.Streaming.PoolSize:1000]]
[2022.01.30-08.46.09:122][  0]LogConfig: Setting CVar [[r.Streaming.MaxEffectiveScreenSize:0]]
[2022.01.30-08.46.09:122][  0]LogConfig: Applying CVar settings from Section [EffectsQuality@3] File [F:/UnrealEngineGames/ProjectUL/Saved/Config/Windows/Scalability.ini]
[2022.01.30-08.46.09:122][  0]LogConfig: Setting CVar [[r.TranslucencyLightingVolumeDim:64]]
[2022.01.30-08.46.09:122][  0]LogConfig: Setting CVar [[r.RefractionQuality:2]]
[2022.01.30-08.46.09:122][  0]LogConfig: Setting CVar [[r.SSR.Quality:3]]
[2022.01.30-08.46.09:122][  0]LogConfig: Setting CVar [[r.SSR.HalfResSceneColor:0]]
[2022.01.30-08.46.09:122][  0]LogConfig: Setting CVar [[r.SceneColorFormat:4]]
[2022.01.30-08.46.09:122][  0]LogConfig: Setting CVar [[r.DetailMode:2]]
[2022.01.30-08.46.09:122][  0]LogConfig: Setting CVar [[r.TranslucencyVolumeBlur:1]]
[2022.01.30-08.46.09:122][  0]LogConfig: Setting CVar [[r.MaterialQualityLevel:1 ; High quality]]
[2022.01.30-08.46.09:122][  0]LogConfig: Setting CVar [[r.AnisotropicMaterials:1]]
[2022.01.30-08.46.09:122][  0]LogConfig: Setting CVar [[r.SSS.Scale:1]]
[2022.01.30-08.46.09:122][  0]LogConfig: Setting CVar [[r.SSS.SampleSet:2]]
[2022.01.30-08.46.09:122][  0]LogConfig: Setting CVar [[r.SSS.Quality:1]]
[2022.01.30-08.46.09:122][  0]LogConfig: Setting CVar [[r.SSS.HalfRes:0]]
[2022.01.30-08.46.09:122][  0]LogConfig: Setting CVar [[r.SSGI.Quality:3]]
[2022.01.30-08.46.09:122][  0]LogConfig: Setting CVar [[r.EmitterSpawnRateScale:1.0]]
[2022.01.30-08.46.09:122][  0]LogConfig: Setting CVar [[r.ParticleLightQuality:2]]
[2022.01.30-08.46.09:122][  0]LogConfig: Setting CVar [[r.SkyAtmosphere.AerialPerspectiveLUT.FastApplyOnOpaque:1 ; Always have FastSkyLUT 1 in this case to avoid wrong sky]]
[2022.01.30-08.46.09:122][  0]LogConfig: Setting CVar [[r.SkyAtmosphere.AerialPerspectiveLUT.SampleCountMaxPerSlice:4]]
[2022.01.30-08.46.09:122][  0]LogConfig: Setting CVar [[r.SkyAtmosphere.AerialPerspectiveLUT.DepthResolution:16.0]]
[2022.01.30-08.46.09:122][  0]LogConfig: Setting CVar [[r.SkyAtmosphere.FastSkyLUT:1]]
[2022.01.30-08.46.09:122][  0]LogConfig: Setting CVar [[r.SkyAtmosphere.FastSkyLUT.SampleCountMin:4.0]]
[2022.01.30-08.46.09:122][  0]LogConfig: Setting CVar [[r.SkyAtmosphere.FastSkyLUT.SampleCountMax:128.0]]
[2022.01.30-08.46.09:122][  0]LogConfig: Setting CVar [[r.SkyAtmosphere.SampleCountMin:4.0]]
[2022.01.30-08.46.09:122][  0]LogConfig: Setting CVar [[r.SkyAtmosphere.SampleCountMax:128.0]]
[2022.01.30-08.46.09:122][  0]LogConfig: Setting CVar [[r.SkyAtmosphere.TransmittanceLUT.UseSmallFormat:0]]
[2022.01.30-08.46.09:122][  0]LogConfig: Setting CVar [[r.SkyAtmosphere.TransmittanceLUT.SampleCount:10.0]]
[2022.01.30-08.46.09:122][  0]LogConfig: Setting CVar [[r.SkyAtmosphere.MultiScatteringLUT.SampleCount:15.0]]
[2022.01.30-08.46.09:122][  0]LogConfig: Setting CVar [[r.SkyLight.RealTimeReflectionCapture:1]]
[2022.01.30-08.46.09:122][  0]LogConfig: Setting CVar [[fx.Niagara.QualityLevel:3]]
[2022.01.30-08.46.09:123][  0]LogConfig: Applying CVar settings from Section [FoliageQuality@3] File [F:/UnrealEngineGames/ProjectUL/Saved/Config/Windows/Scalability.ini]
[2022.01.30-08.46.09:123][  0]LogConfig: Setting CVar [[foliage.DensityScale:1.0]]
[2022.01.30-08.46.09:123][  0]LogConfig: Setting CVar [[grass.DensityScale:1.0]]
[2022.01.30-08.46.09:123][  0]LogConfig: Applying CVar settings from Section [ShadingQuality@3] File [F:/UnrealEngineGames/ProjectUL/Saved/Config/Windows/Scalability.ini]
[2022.01.30-08.46.09:123][  0]LogConfig: Setting CVar [[r.HairStrands.SkyLighting.IntegrationType:2]]
[2022.01.30-08.46.09:123][  0]LogConfig: Setting CVar [[r.HairStrands.SkyAO.SampleCount:4]]
[2022.01.30-08.46.09:123][  0]LogConfig: Setting CVar [[r.HairStrands.Visibility.MSAA.SamplePerPixel:4]]
[2022.01.30-08.46.09:123][  0]LogConfig: Setting CVar [[r.HairStrands.Interpolation.UseSingleGuide:0]]
[2022.01.30-08.46.09:124][  0]LogInit: Selected Device Profile: [Windows]
[2022.01.30-08.46.09:133][  0]LogInit: Applying CVar settings loaded from the selected device profile: [Windows]
[2022.01.30-08.46.09:149][  0]LogHAL: Display: Platform has ~ 64 GB [68627415040 / 68719476736 / 64], which maps to Largest [LargestMinGB=32, LargerMinGB=12, DefaultMinGB=8, SmallerMinGB=6, SmallestMinGB=0)
[2022.01.30-08.46.09:149][  0]LogInit: Going up to parent DeviceProfile []
[2022.01.30-08.46.09:154][  0]LogConfig: Applying CVar settings from Section [ViewDistanceQuality@3] File [F:/UnrealEngineGames/ProjectUL/Saved/Config/Windows/Scalability.ini]
[2022.01.30-08.46.09:154][  0]LogConfig: Setting CVar [[r.SkeletalMeshLODBias:0]]
[2022.01.30-08.46.09:154][  0]LogConfig: Setting CVar [[r.ViewDistanceScale:1.0]]
[2022.01.30-08.46.09:154][  0]LogConfig: Applying CVar settings from Section [AntiAliasingQuality@3] File [F:/UnrealEngineGames/ProjectUL/Saved/Config/Windows/Scalability.ini]
[2022.01.30-08.46.09:154][  0]LogConfig: Setting CVar [[r.PostProcessAAQuality:4]]
[2022.01.30-08.46.09:154][  0]LogConfig: Applying CVar settings from Section [ShadowQuality@3] File [F:/UnrealEngineGames/ProjectUL/Saved/Config/Windows/Scalability.ini]
[2022.01.30-08.46.09:154][  0]LogConfig: Setting CVar [[r.LightFunctionQuality:1]]
[2022.01.30-08.46.09:154][  0]LogConfig: Setting CVar [[r.ShadowQuality:5]]
[2022.01.30-08.46.09:154][  0]LogConfig: Setting CVar [[r.Shadow.CSM.MaxCascades:10]]
[2022.01.30-08.46.09:154][  0]LogConfig: Setting CVar [[r.Shadow.MaxResolution:2048]]
[2022.01.30-08.46.09:154][  0]LogConfig: Setting CVar [[r.Shadow.MaxCSMResolution:2048]]
[2022.01.30-08.46.09:154][  0]LogConfig: Setting CVar [[r.Shadow.RadiusThreshold:0.01]]
[2022.01.30-08.46.09:154][  0]LogConfig: Setting CVar [[r.Shadow.DistanceScale:1.0]]
[2022.01.30-08.46.09:154][  0]LogConfig: Setting CVar [[r.Shadow.CSM.TransitionScale:1.0]]
[2022.01.30-08.46.09:154][  0]LogConfig: Setting CVar [[r.Shadow.PreShadowResolutionFactor:1.0]]
[2022.01.30-08.46.09:154][  0]LogConfig: Setting CVar [[r.DistanceFieldShadowing:1]]
[2022.01.30-08.46.09:154][  0]LogConfig: Setting CVar [[r.DistanceFieldAO:1]]
[2022.01.30-08.46.09:154][  0]LogConfig: Setting CVar [[r.AOQuality:2]]
[2022.01.30-08.46.09:154][  0]LogConfig: Setting CVar [[r.VolumetricFog:1]]
[2022.01.30-08.46.09:154][  0]LogConfig: Setting CVar [[r.VolumetricFog.GridPixelSize:8]]
[2022.01.30-08.46.09:154][  0]LogConfig: Setting CVar [[r.VolumetricFog.GridSizeZ:128]]
[2022.01.30-08.46.09:154][  0]LogConfig: Setting CVar [[r.VolumetricFog.HistoryMissSupersampleCount:4]]
[2022.01.30-08.46.09:154][  0]LogConfig: Setting CVar [[r.LightMaxDrawDistanceScale:1]]
[2022.01.30-08.46.09:154][  0]LogConfig: Setting CVar [[r.CapsuleShadows:1]]
[2022.01.30-08.46.09:154][  0]LogConfig: Applying CVar settings from Section [PostProcessQuality@3] File [F:/UnrealEngineGames/ProjectUL/Saved/Config/Windows/Scalability.ini]
[2022.01.30-08.46.09:154][  0]LogConfig: Setting CVar [[r.MotionBlurQuality:4]]
[2022.01.30-08.46.09:154][  0]LogConfig: Setting CVar [[r.AmbientOcclusionMipLevelFactor:0.4]]
[2022.01.30-08.46.09:154][  0]LogConfig: Setting CVar [[r.AmbientOcclusionMaxQuality:100]]
[2022.01.30-08.46.09:155][  0]LogConfig: Setting CVar [[r.AmbientOcclusionLevels:-1]]
[2022.01.30-08.46.09:155][  0]LogConfig: Setting CVar [[r.AmbientOcclusionRadiusScale:1.0]]
[2022.01.30-08.46.09:155][  0]LogConfig: Setting CVar [[r.DepthOfFieldQuality:2]]
[2022.01.30-08.46.09:155][  0]LogConfig: Setting CVar [[r.RenderTargetPoolMin:400]]
[2022.01.30-08.46.09:155][  0]LogConfig: Setting CVar [[r.LensFlareQuality:2]]
[2022.01.30-08.46.09:155][  0]LogConfig: Setting CVar [[r.SceneColorFringeQuality:1]]
[2022.01.30-08.46.09:155][  0]LogConfig: Setting CVar [[r.EyeAdaptationQuality:2]]
[2022.01.30-08.46.09:155][  0]LogConfig: Setting CVar [[r.BloomQuality:5]]
[2022.01.30-08.46.09:155][  0]LogConfig: Setting CVar [[r.FastBlurThreshold:100]]
[2022.01.30-08.46.09:155][  0]LogConfig: Setting CVar [[r.Upscale.Quality:3]]
[2022.01.30-08.46.09:155][  0]LogConfig: Setting CVar [[r.Tonemapper.GrainQuantization:1]]
[2022.01.30-08.46.09:155][  0]LogConfig: Setting CVar [[r.LightShaftQuality:1]]
[2022.01.30-08.46.09:155][  0]LogConfig: Setting CVar [[r.Filter.SizeScale:1]]
[2022.01.30-08.46.09:155][  0]LogConfig: Setting CVar [[r.Tonemapper.Quality:5]]
[2022.01.30-08.46.09:155][  0]LogConfig: Setting CVar [[r.DOF.Gather.AccumulatorQuality:1        ; higher gathering accumulator quality]]
[2022.01.30-08.46.09:155][  0]LogConfig: Setting CVar [[r.DOF.Gather.PostfilterMethod:1          ; Median3x3 postfilering method]]
[2022.01.30-08.46.09:155][  0]LogConfig: Setting CVar [[r.DOF.Gather.EnableBokehSettings:0       ; no bokeh simulation when gathering]]
[2022.01.30-08.46.09:155][  0]LogConfig: Setting CVar [[r.DOF.Gather.RingCount:4                 ; medium number of samples when gathering]]
[2022.01.30-08.46.09:155][  0]LogConfig: Setting CVar [[r.DOF.Scatter.ForegroundCompositing:1    ; additive foreground scattering]]
[2022.01.30-08.46.09:155][  0]LogConfig: Setting CVar [[r.DOF.Scatter.BackgroundCompositing:2    ; additive background scattering]]
[2022.01.30-08.46.09:155][  0]LogConfig: Setting CVar [[r.DOF.Scatter.EnableBokehSettings:1      ; bokeh simulation when scattering]]
[2022.01.30-08.46.09:155][  0]LogConfig: Setting CVar [[r.DOF.Scatter.MaxSpriteRatio:0.1         ; only a maximum of 10% of scattered bokeh]]
[2022.01.30-08.46.09:155][  0]LogConfig: Setting CVar [[r.DOF.Recombine.Quality:1                ; cheap slight out of focus]]
[2022.01.30-08.46.09:155][  0]LogConfig: Setting CVar [[r.DOF.Recombine.EnableBokehSettings:0    ; no bokeh simulation on slight out of focus]]
[2022.01.30-08.46.09:155][  0]LogConfig: Setting CVar [[r.DOF.TemporalAAQuality:1                ; more stable temporal accumulation]]
[2022.01.30-08.46.09:155][  0]LogConfig: Setting CVar [[r.DOF.Kernel.MaxForegroundRadius:0.025]]
[2022.01.30-08.46.09:155][  0]LogConfig: Setting CVar [[r.DOF.Kernel.MaxBackgroundRadius:0.025]]
[2022.01.30-08.46.09:155][  0]LogConfig: Applying CVar settings from Section [TextureQuality@3] File [F:/UnrealEngineGames/ProjectUL/Saved/Config/Windows/Scalability.ini]
[2022.01.30-08.46.09:155][  0]LogConfig: Setting CVar [[r.Streaming.MipBias:0]]
[2022.01.30-08.46.09:155][  0]LogConfig: Setting CVar [[r.Streaming.AmortizeCPUToGPUCopy:0]]
[2022.01.30-08.46.09:155][  0]LogConfig: Setting CVar [[r.Streaming.MaxNumTexturesToStreamPerFrame:0]]
[2022.01.30-08.46.09:155][  0]LogConfig: Setting CVar [[r.Streaming.Boost:1]]
[2022.01.30-08.46.09:155][  0]LogConfig: Setting CVar [[r.MaxAnisotropy:8]]
[2022.01.30-08.46.09:155][  0]LogConfig: Setting CVar [[r.VT.MaxAnisotropy:8]]
[2022.01.30-08.46.09:155][  0]LogConfig: Setting CVar [[r.Streaming.LimitPoolSizeToVRAM:0]]
[2022.01.30-08.46.09:155][  0]LogConfig: Setting CVar [[r.Streaming.PoolSize:1000]]
[2022.01.30-08.46.09:155][  0]LogConfig: Setting CVar [[r.Streaming.MaxEffectiveScreenSize:0]]
[2022.01.30-08.46.09:155][  0]LogConfig: Applying CVar settings from Section [EffectsQuality@3] File [F:/UnrealEngineGames/ProjectUL/Saved/Config/Windows/Scalability.ini]
[2022.01.30-08.46.09:155][  0]LogConfig: Setting CVar [[r.TranslucencyLightingVolumeDim:64]]
[2022.01.30-08.46.09:155][  0]LogConfig: Setting CVar [[r.RefractionQuality:2]]
[2022.01.30-08.46.09:155][  0]LogConfig: Setting CVar [[r.SSR.Quality:3]]
[2022.01.30-08.46.09:155][  0]LogConfig: Setting CVar [[r.SSR.HalfResSceneColor:0]]
[2022.01.30-08.46.09:155][  0]LogConfig: Setting CVar [[r.SceneColorFormat:4]]
[2022.01.30-08.46.09:155][  0]LogConfig: Setting CVar [[r.DetailMode:2]]
[2022.01.30-08.46.09:155][  0]LogConfig: Setting CVar [[r.TranslucencyVolumeBlur:1]]
[2022.01.30-08.46.09:155][  0]LogConfig: Setting CVar [[r.MaterialQualityLevel:1 ; High quality]]
[2022.01.30-08.46.09:155][  0]LogConfig: Setting CVar [[r.AnisotropicMaterials:1]]
[2022.01.30-08.46.09:155][  0]LogConfig: Setting CVar [[r.SSS.Scale:1]]
[2022.01.30-08.46.09:155][  0]LogConfig: Setting CVar [[r.SSS.SampleSet:2]]
[2022.01.30-08.46.09:155][  0]LogConfig: Setting CVar [[r.SSS.Quality:1]]
[2022.01.30-08.46.09:155][  0]LogConfig: Setting CVar [[r.SSS.HalfRes:0]]
[2022.01.30-08.46.09:155][  0]LogConfig: Setting CVar [[r.SSGI.Quality:3]]
[2022.01.30-08.46.09:155][  0]LogConfig: Setting CVar [[r.EmitterSpawnRateScale:1.0]]
[2022.01.30-08.46.09:155][  0]LogConfig: Setting CVar [[r.ParticleLightQuality:2]]
[2022.01.30-08.46.09:155][  0]LogConfig: Setting CVar [[r.SkyAtmosphere.AerialPerspectiveLUT.FastApplyOnOpaque:1 ; Always have FastSkyLUT 1 in this case to avoid wrong sky]]
[2022.01.30-08.46.09:155][  0]LogConfig: Setting CVar [[r.SkyAtmosphere.AerialPerspectiveLUT.SampleCountMaxPerSlice:4]]
[2022.01.30-08.46.09:155][  0]LogConfig: Setting CVar [[r.SkyAtmosphere.AerialPerspectiveLUT.DepthResolution:16.0]]
[2022.01.30-08.46.09:155][  0]LogConfig: Setting CVar [[r.SkyAtmosphere.FastSkyLUT:1]]
[2022.01.30-08.46.09:155][  0]LogConfig: Setting CVar [[r.SkyAtmosphere.FastSkyLUT.SampleCountMin:4.0]]
[2022.01.30-08.46.09:155][  0]LogConfig: Setting CVar [[r.SkyAtmosphere.FastSkyLUT.SampleCountMax:128.0]]
[2022.01.30-08.46.09:155][  0]LogConfig: Setting CVar [[r.SkyAtmosphere.SampleCountMin:4.0]]
[2022.01.30-08.46.09:155][  0]LogConfig: Setting CVar [[r.SkyAtmosphere.SampleCountMax:128.0]]
[2022.01.30-08.46.09:155][  0]LogConfig: Setting CVar [[r.SkyAtmosphere.TransmittanceLUT.UseSmallFormat:0]]
[2022.01.30-08.46.09:155][  0]LogConfig: Setting CVar [[r.SkyAtmosphere.TransmittanceLUT.SampleCount:10.0]]
[2022.01.30-08.46.09:155][  0]LogConfig: Setting CVar [[r.SkyAtmosphere.MultiScatteringLUT.SampleCount:15.0]]
[2022.01.30-08.46.09:155][  0]LogConfig: Setting CVar [[r.SkyLight.RealTimeReflectionCapture:1]]
[2022.01.30-08.46.09:155][  0]LogConfig: Setting CVar [[fx.Niagara.QualityLevel:3]]
[2022.01.30-08.46.09:155][  0]LogConfig: Applying CVar settings from Section [FoliageQuality@3] File [F:/UnrealEngineGames/ProjectUL/Saved/Config/Windows/Scalability.ini]
[2022.01.30-08.46.09:155][  0]LogConfig: Setting CVar [[foliage.DensityScale:1.0]]
[2022.01.30-08.46.09:155][  0]LogConfig: Setting CVar [[grass.DensityScale:1.0]]
[2022.01.30-08.46.09:155][  0]LogConfig: Applying CVar settings from Section [ShadingQuality@3] File [F:/UnrealEngineGames/ProjectUL/Saved/Config/Windows/Scalability.ini]
[2022.01.30-08.46.09:155][  0]LogConfig: Setting CVar [[r.HairStrands.SkyLighting.IntegrationType:2]]
[2022.01.30-08.46.09:155][  0]LogConfig: Setting CVar [[r.HairStrands.SkyAO.SampleCount:4]]
[2022.01.30-08.46.09:155][  0]LogConfig: Setting CVar [[r.HairStrands.Visibility.MSAA.SamplePerPixel:4]]
[2022.01.30-08.46.09:155][  0]LogConfig: Setting CVar [[r.HairStrands.Interpolation.UseSingleGuide:0]]
[2022.01.30-08.46.09:155][  0]LogConfig: Applying CVar settings from Section [Startup] File [../../../Engine/Config/ConsoleVariables.ini]
[2022.01.30-08.46.09:175][  0]LogConfig: Setting CVar [[net.UseAdaptiveNetUpdateFrequency:0]]
[2022.01.30-08.46.09:175][  0]LogConfig: Setting CVar [[p.chaos.AllowCreatePhysxBodies:1]]
[2022.01.30-08.46.09:175][  0]LogConfig: Setting CVar [[fx.SkipVectorVMBackendOptimizations:1]]
[2022.01.30-08.46.09:175][  0]LogConfig: Applying CVar settings from Section [ConsoleVariables] File [F:/UnrealEngineGames/ProjectUL/Saved/Config/Windows/Engine.ini]
[2022.01.30-08.46.09:175][  0]LogConfig: Applying CVar settings from Section [ConsoleVariables] File [F:/UnrealEngineGames/ProjectUL/Saved/Config/Windows/Editor.ini]
[2022.01.30-08.46.09:216][  0]LogInit: Computer: DESKTOP-O1GFKDE
[2022.01.30-08.46.09:216][  0]LogInit: User: msw70
[2022.01.30-08.46.09:216][  0]LogInit: CPU Page size=4096, Cores=16
[2022.01.30-08.46.09:216][  0]LogInit: High frequency timer resolution =10.000000 MHz
[2022.01.30-08.46.09:216][  0]LogMemory: Memory total: Physical=63.9GB (64GB approx)
[2022.01.30-08.46.09:216][  0]LogMemory: Platform Memory Stats for Windows
[2022.01.30-08.46.09:216][  0]LogMemory: Process Physical Memory: 151.51 MB used, 151.51 MB peak
[2022.01.30-08.46.09:216][  0]LogMemory: Process Virtual Memory: 128.88 MB used, 128.88 MB peak
[2022.01.30-08.46.09:216][  0]LogMemory: Physical Memory: 19865.02 MB used,  45583.18 MB free, 65448.20 MB total
[2022.01.30-08.46.09:216][  0]LogMemory: Virtual Memory: 134152832.00 MB used,  64895.48 MB free, 134217728.00 MB total
[2022.01.30-08.46.09:829][  0]LogWindows: WindowsPlatformFeatures enabled
[2022.01.30-08.46.10:717][  0]LogInit: Physics initialised using underlying interface: PhysX
[2022.01.30-08.46.10:780][  0]LogInit: Using OS detected language (ru-RU).
[2022.01.30-08.46.10:780][  0]LogInit: Using OS detected locale (ru-RU).
[2022.01.30-08.46.10:962][  0]LogTextLocalizationManager: No specific localization for 'ru-RU' exists, so the 'ru' localization will be used.
[2022.01.30-08.46.10:962][  0]LogTextLocalizationResource: LocRes '../../../Engine/Content/Localization/Editor/ru/Editor.locres' could not be opened for reading!
[2022.01.30-08.46.10:962][  0]LogTextLocalizationResource: LocRes '../../../Engine/Content/Localization/EditorTutorials/ru/EditorTutorials.locres' could not be opened for reading!
[2022.01.30-08.46.10:963][  0]LogTextLocalizationResource: LocRes '../../../Engine/Content/Localization/Keywords/ru/Keywords.locres' could not be opened for reading!
[2022.01.30-08.46.10:963][  0]LogTextLocalizationResource: LocRes '../../../Engine/Content/Localization/Category/ru/Category.locres' could not be opened for reading!
[2022.01.30-08.46.10:978][  0]LogTextLocalizationResource: LocRes '../../../Engine/Content/Localization/ToolTips/ru/ToolTips.locres' could not be opened for reading!
[2022.01.30-08.46.10:978][  0]LogTextLocalizationResource: LocRes '../../../Engine/Content/Localization/PropertyNames/ru/PropertyNames.locres' could not be opened for reading!
[2022.01.30-08.46.10:978][  0]LogTextLocalizationResource: LocRes '../../../Engine/Content/Localization/Engine/ru/Engine.locres' could not be opened for reading!
[2022.01.30-08.46.11:135][  0]LogInit: Setting process to per monitor DPI aware
[2022.01.30-08.46.11:283][  0]LogWindowsTextInputMethodSystem: Display: IME system deactivated.
[2022.01.30-08.46.11:541][  0]LogSlate: New Slate User Created.  User Index 0, Is Virtual User: 0
[2022.01.30-08.46.11:541][  0]LogSlate: Slate User Registered.  User Index 0, Is Virtual User: 0
[2022.01.30-08.46.16:291][  0]LogD3D11RHI: Loaded GFSDK_Aftermath_Lib.x64.dll
[2022.01.30-08.46.16:305][  0]LogD3D11RHI: D3D11 min allowed feature level: 11_0
[2022.01.30-08.46.16:305][  0]LogD3D11RHI: D3D11 max allowed feature level: 11_0
[2022.01.30-08.46.16:305][  0]LogD3D11RHI: D3D11 adapters:
[2022.01.30-08.46.16:504][  0]LogD3D11RHI:    0. 'NVIDIA GeForce RTX 3070 Ti' (Feature Level 11_0)
[2022.01.30-08.46.16:505][  0]LogD3D11RHI:       8041/0/32724 MB DedicatedVideo/DedicatedSystem/SharedSystem, Outputs:1, VendorId:0x10de
[2022.01.30-08.46.16:508][  0]LogD3D11RHI:    1. 'Microsoft Basic Render Driver' (Feature Level 11_0)
[2022.01.30-08.46.16:508][  0]LogD3D11RHI:       0/0/32724 MB DedicatedVideo/DedicatedSystem/SharedSystem, Outputs:0, VendorId:0x1414
[2022.01.30-08.46.16:508][  0]LogD3D11RHI: Chosen D3D11 Adapter:
[2022.01.30-08.46.16:508][  0]LogD3D11RHI:     Description : NVIDIA GeForce RTX 3070 Ti
[2022.01.30-08.46.16:508][  0]LogD3D11RHI:     VendorId    : 10de
[2022.01.30-08.46.16:508][  0]LogD3D11RHI:     DeviceId    : 2482
[2022.01.30-08.46.16:508][  0]LogD3D11RHI:     SubSysId    : 880e1043
[2022.01.30-08.46.16:508][  0]LogD3D11RHI:     Revision    : 00a1
[2022.01.30-08.46.16:508][  0]LogD3D11RHI:     DedicatedVideoMemory : 8431599616 bytes
[2022.01.30-08.46.16:508][  0]LogD3D11RHI:     DedicatedSystemMemory : 0 bytes
[2022.01.30-08.46.16:508][  0]LogD3D11RHI:     SharedSystemMemory : 34313707520 bytes
[2022.01.30-08.46.16:508][  0]LogD3D11RHI:     AdapterLuid : 0 82276
[2022.01.30-08.46.16:539][  0]LogD3D11RHI: Creating new Direct3DDevice
[2022.01.30-08.46.16:539][  0]LogD3D11RHI:     GPU DeviceId: 0x2482 (for the marketing name, search the web for "GPU Device Id")
[2022.01.30-08.46.16:539][  0]LogWindows: EnumDisplayDevices:
[2022.01.30-08.46.16:539][  0]LogWindows:    0. 'NVIDIA GeForce RTX 3070 Ti' (P:1 D:1)
[2022.01.30-08.46.16:539][  0]LogWindows:    1. 'NVIDIA GeForce RTX 3070 Ti' (P:0 D:0)
[2022.01.30-08.46.16:540][  0]LogWindows:    2. 'NVIDIA GeForce RTX 3070 Ti' (P:0 D:0)
[2022.01.30-08.46.16:540][  0]LogWindows:    3. 'NVIDIA GeForce RTX 3070 Ti' (P:0 D:0)
[2022.01.30-08.46.16:540][  0]LogWindows: DebugString: FoundDriverCount:4 
[2022.01.30-08.46.16:540][  0]LogD3D11RHI:     Adapter Name: NVIDIA GeForce RTX 3070 Ti
[2022.01.30-08.46.16:540][  0]LogD3D11RHI:   Driver Version: 472.84 (internal:30.0.14.7284, unified:472.84)
[2022.01.30-08.46.16:540][  0]LogD3D11RHI:      Driver Date: 12-6-2021
[2022.01.30-08.46.16:540][  0]LogRHI: Texture pool is 5628 MB (70% of 8041 MB)
[2022.01.30-08.46.16:540][  0]LogD3D11RHI: Creating D3DDevice using adapter:
[2022.01.30-08.46.16:540][  0]LogD3D11RHI:     Description : NVIDIA GeForce RTX 3070 Ti
[2022.01.30-08.46.16:540][  0]LogD3D11RHI:     VendorId    : 10de
[2022.01.30-08.46.16:540][  0]LogD3D11RHI:     DeviceId    : 2482
[2022.01.30-08.46.16:540][  0]LogD3D11RHI:     SubSysId    : 880e1043
[2022.01.30-08.46.16:540][  0]LogD3D11RHI:     Revision    : 00a1
[2022.01.30-08.46.16:540][  0]LogD3D11RHI:     DedicatedVideoMemory : 8431599616 bytes
[2022.01.30-08.46.16:540][  0]LogD3D11RHI:     DedicatedSystemMemory : 0 bytes
[2022.01.30-08.46.16:540][  0]LogD3D11RHI:     SharedSystemMemory : 34313707520 bytes
[2022.01.30-08.46.16:540][  0]LogD3D11RHI:     AdapterLuid : 0 82276
[2022.01.30-08.46.16:682][  0]LogD3D11RHI: RHI has support for 64 bit atomics
[2022.01.30-08.46.16:682][  0]LogD3D11RHI: Async texture creation enabled
[2022.01.30-08.46.16:683][  0]LogD3D11RHI: Array index from any shader is supported
[2022.01.30-08.46.17:074][  0]LogD3D11RHI: GPU Timing Frequency: 1000.000000 (Debug: 2 1)
[2022.01.30-08.46.17:340][  0]LogRHI: GeForceNow SDK initialized: 1
[2022.01.30-08.46.18:358][  0]LogTargetPlatformManager: Display: Loaded TargetPlatform 'AllDesktop'
[2022.01.30-08.46.18:419][  0]LogTargetPlatformManager: Display: Loaded TargetPlatform 'Android'
[2022.01.30-08.46.18:419][  0]LogTargetPlatformManager: Display: Loaded TargetPlatform 'Android_ASTC'
[2022.01.30-08.46.18:419][  0]LogTargetPlatformManager: Display: Loaded TargetPlatform 'Android_DXT'
[2022.01.30-08.46.18:419][  0]LogTargetPlatformManager: Display: Loaded TargetPlatform 'Android_ETC2'
[2022.01.30-08.46.18:419][  0]LogTargetPlatformManager: Display: Loaded TargetPlatform 'AndroidClient'
[2022.01.30-08.46.18:419][  0]LogTargetPlatformManager: Display: Loaded TargetPlatform 'Android_ASTCClient'
[2022.01.30-08.46.18:419][  0]LogTargetPlatformManager: Display: Loaded TargetPlatform 'Android_DXTClient'
[2022.01.30-08.46.18:419][  0]LogTargetPlatformManager: Display: Loaded TargetPlatform 'Android_ETC2Client'
[2022.01.30-08.46.18:419][  0]LogTargetPlatformManager: Display: Loaded TargetPlatform 'Android_Multi'
[2022.01.30-08.46.18:419][  0]LogTargetPlatformManager: Display: Loaded TargetPlatform 'Android_MultiClient'
[2022.01.30-08.46.18:544][  0]LogTargetPlatformManager: Display: Loaded TargetPlatform 'IOSClient'
[2022.01.30-08.46.18:544][  0]LogTargetPlatformManager: Display: Loaded TargetPlatform 'IOS'
[2022.01.30-08.46.18:635][  0]LogTargetPlatformManager: Display: Loaded TargetPlatform 'Linux'
[2022.01.30-08.46.18:673][  0]LogTargetPlatformManager: Display: Loaded TargetPlatform 'LinuxNoEditor'
[2022.01.30-08.46.18:707][  0]LogTargetPlatformManager: Display: Loaded TargetPlatform 'LinuxClient'
[2022.01.30-08.46.18:741][  0]LogTargetPlatformManager: Display: Loaded TargetPlatform 'LinuxServer'
[2022.01.30-08.46.18:797][  0]LogTargetPlatformManager: Display: Loaded TargetPlatform 'LinuxAArch64NoEditor'
[2022.01.30-08.46.18:840][  0]LogTargetPlatformManager: Display: Loaded TargetPlatform 'LinuxAArch64Client'
[2022.01.30-08.46.18:879][  0]LogTargetPlatformManager: Display: Loaded TargetPlatform 'LinuxAArch64Server'
[2022.01.30-08.46.18:947][  0]LogTargetPlatformManager: Display: Loaded TargetPlatform 'Lumin'
[2022.01.30-08.46.18:947][  0]LogTargetPlatformManager: Display: Loaded TargetPlatform 'LuminClient'
[2022.01.30-08.46.19:035][  0]LogTargetPlatformManager: Display: Loaded TargetPlatform 'MacNoEditor'
[2022.01.30-08.46.19:077][  0]LogTargetPlatformManager: Display: Loaded TargetPlatform 'Mac'
[2022.01.30-08.46.19:117][  0]LogTargetPlatformManager: Display: Loaded TargetPlatform 'MacClient'
[2022.01.30-08.46.19:153][  0]LogTargetPlatformManager: Display: Loaded TargetPlatform 'MacServer'
[2022.01.30-08.46.19:245][  0]LogTargetPlatformManager: Display: Loaded TargetPlatform 'TVOSClient'
[2022.01.30-08.46.19:245][  0]LogTargetPlatformManager: Display: Loaded TargetPlatform 'TVOS'
[2022.01.30-08.46.19:308][  0]LogTargetPlatformManager: Display: Loaded TargetPlatform 'WindowsNoEditor'
[2022.01.30-08.46.19:350][  0]LogTargetPlatformManager: Display: Loaded TargetPlatform 'Windows'
[2022.01.30-08.46.19:377][  0]LogTargetPlatformManager: Display: Loaded TargetPlatform 'WindowsClient'
[2022.01.30-08.46.19:415][  0]LogTargetPlatformManager: Display: Loaded TargetPlatform 'WindowsServer'
[2022.01.30-08.46.19:415][  0]LogTargetPlatformManager: Display: Building Assets For Windows
[2022.01.30-08.46.19:655][  0]LogAudioDebug: Display: Lib vorbis DLL was dynamically loaded.
[2022.01.30-08.46.20:078][  0]LogTextureFormatOodle: Display: Oodle Texture 2.9.0 init RDO Off
[2022.01.30-08.46.20:842][  0]LogRendererCore: Ray tracing is disabled. Reason: r.RayTracing=0.
[2022.01.30-08.46.20:850][  0]LogShaderCompilers: Guid format shader working directory is 15 characters bigger than the processId version (F:/UnrealEngineGames/ProjectUL/Intermediate/Shaders/WorkingDirectory/55676/).
[2022.01.30-08.46.20:850][  0]LogShaderCompilers: Cleaned the shader compiler working directory 'C:/Users/msw70/AppData/Local/Temp/UnrealShaderWorkingDir/B86BFE954D884EDCE63B8B98A2C064E2/'.
[2022.01.30-08.46.20:852][  0]LogXGEController: Cannot use XGE Controller as Incredibuild is not installed on this machine.
[2022.01.30-08.46.20:852][  0]LogShaderCompilers: Cannot use XGE Shader Compiler as Incredibuild is not installed on this machine.
[2022.01.30-08.46.20:852][  0]LogShaderCompilers: Display: Using Local Shader Compiler.
[2022.01.30-08.46.29:955][  0]LogDerivedDataCache: Display: Max Cache Size: 512 MB
[2022.01.30-08.46.30:137][  0]LogDerivedDataCache: Loaded boot cache 0.18s 112MB C:/Users/msw70/AppData/Local/UnrealEngine/4.27/DerivedDataCache/Boot.ddc.
[2022.01.30-08.46.30:137][  0]LogDerivedDataCache: Display: Loaded Boot cache: C:/Users/msw70/AppData/Local/UnrealEngine/4.27/DerivedDataCache/Boot.ddc
[2022.01.30-08.46.30:159][  0]LogDerivedDataCache: FDerivedDataBackendGraph:  Pak pak cache file F:/UnrealEngineGames/ProjectUL/DerivedDataCache/DDC.ddp not found, will not use a pak cache.
[2022.01.30-08.46.30:159][  0]LogDerivedDataCache: Unable to find inner node Pak for hierarchical cache Hierarchy.
[2022.01.30-08.46.30:159][  0]LogDerivedDataCache: FDerivedDataBackendGraph:  CompressedPak pak cache file F:/UnrealEngineGames/ProjectUL/DerivedDataCache/Compressed.ddp not found, will not use a pak cache.
[2022.01.30-08.46.30:159][  0]LogDerivedDataCache: Unable to find inner node CompressedPak for hierarchical cache Hierarchy.
[2022.01.30-08.46.30:282][  0]LogDerivedDataCache: Display: Pak cache opened for reading ../../../Engine/DerivedDataCache/Compressed.ddp.
[2022.01.30-08.46.30:283][  0]LogDerivedDataCache: FDerivedDataBackendGraph:  EnterprisePak pak cache file ../../../Enterprise/DerivedDataCache/Compressed.ddp not found, will not use a pak cache.
[2022.01.30-08.46.30:283][  0]LogDerivedDataCache: Unable to find inner node EnterprisePak for hierarchical cache Hierarchy.
[2022.01.30-08.46.30:357][  0]LogDerivedDataCache: Speed tests for C:/Users/msw70/AppData/Local/UnrealEngine/Common/DerivedDataCache took 0.07 seconds
[2022.01.30-08.46.30:357][  0]LogDerivedDataCache: Display: Performance to C:/Users/msw70/AppData/Local/UnrealEngine/Common/DerivedDataCache: Latency=0.24ms. RandomReadSpeed=14.41MBs, RandomWriteSpeed=134.22MBs. Assigned SpeedClass 'Local'
[2022.01.30-08.46.30:359][  0]LogDerivedDataCache: Using Local data cache path C:/Users/msw70/AppData/Local/UnrealEngine/Common/DerivedDataCache: Writable
[2022.01.30-08.46.30:360][  0]LogDerivedDataCache: Shared data cache path not found in *engine.ini, will not use an Shared cache.
[2022.01.30-08.46.30:360][  0]LogDerivedDataCache: Unable to find inner node Shared for hierarchical cache Hierarchy.
[2022.01.30-08.46.30:523][  0]LogSlate: Using FreeType 2.10.0
[2022.01.30-08.46.30:595][  0]LogSlate: SlateFontServices - WITH_FREETYPE: 1, WITH_HARFBUZZ: 1
[2022.01.30-08.46.31:284][  0]LogAssetRegistry: FAssetRegistry took 0.0088 seconds to start up
[2022.01.30-08.46.34:397][  0]LogInit: Selected Device Profile: [Windows]
[2022.01.30-08.46.34:397][  0]LogInit: Active device profile: [000001C0424AD300][000001C03F0BC4C0 49] Windows
[2022.01.30-08.46.34:397][  0]LogInit: Profiles: [000001C0424AD300][000001C03F0BC4C0 49] Windows, [000001C042473400][000001C03F0C4640 49] WindowsNoEditor, [000001C0424AE400][000001C03F0C87C0 49] WindowsServer, [000001C042471F00][000001C03F0CC940 49] WindowsClient, [000001C0424AF300][000001C041478AC0 49] IOS, [000001C042471200][000001C04147CC40 49] iPadAir, [000001C0424AFE00][000001C041480DC0 49] iPadAir2, [000001C04242A100][000001C041489080 49] IPadPro, [000001C04242A200][000001C0414850C0 49] iPadAir3, [000001C042471B00][000001C03F047240 49] iPadAir4, [000001C04242B100][000001C03F04B3C0 49] iPadMini2, [000001C042473700][000001C03F04F540 49] iPadMini3, [000001C04242BD00][000001C03F0536C0 49] iPadMini4, [000001C042472800][000001C03F057840 49] iPadMini5, [000001C04245DA00][000001C03F05BA80 49] iPhone6, [000001C04245DB00][000001C03F0C1AC0 49] iPodTouch6, [000001C0424AEF00][000001C03F062180 49] iPhone7, [000001C0424AF000][000001C03F05E1C0 49] iPodTouch7, [000001C042429C00][000001C03F06A340 49] iPhone5S, [000001C0424AD100][000001C03F06E4C0 49] iPhone6Plus, [000001C042429800][000001C03F072640 49] iPhone6S, [000001C0424AC400][000001C03F0767C0 49] iPhone6SPlus, [000001C042428E00][000001C03F07A940 49] iPhone7Plus, [000001C0424AD700][000001C03F07EAC0 49] iPhoneSE, [000001C042428A00][000001C03F082C40 49] iPhone8, [000001C0424AC800][000001C03F086DC0 49] iPhone8Plus, [000001C042429A00][000001C03F08AF40 49] iPhoneX, [000001C0424AFD00][000001C03EEE30C0 49] iPhoneXS, [000001C04245C200][000001C03EEE7240 49] iPhoneXSMax, [000001C042428D00][000001C03EEEB3C0 49] iPhoneXR, [000001C04245CC00][000001C03EEEF540 49] iPhone11, [000001C04242AE00][000001C03EEF36C0 49] iPhone11Pro, [000001C04245D500][000001C03EEF7840 49] iPhone11ProMax, [000001C04242BA00][000001C03EEFB9C0 49] iPhoneSE2, [000001C04245C400][000001C03EEFFB40 49] iPhone12Mini, [000001C042429200][000001C03F066100 49] iPhone12, [000001C04245FC00][000001C0227AA240 49] iPhone12Pro, [000001C04242A000][000001C0227AE380 49] iPhone12ProMax, [000001C04245EC00][000001C0227B6500 49] iPadPro105, [000001C0424AE100][000001C0227BA680 49] iPadPro129, [000001C04245D100][000001C0227BE800 49] iPadPro97, [000001C0424AD000][000001C0227C2980 49] iPadPro2_129, [000001C04245CD00][000001C03EF02B00 49] iPad5, [000001C0424ADD00][000001C03EF06C80 49] iPad6, [000001C04245C600][000001C03EF0AE00 49] iPad7, [000001C0424AEE00][000001C03EF0EF80 49] iPad8, [000001C04245F000][000001C03EF13100 49] iPadPro11, [000001C0424ADB00][000001C03EF17280 49] iPadPro2_11, [000001C04245CA00][000001C03EF1B400 49] iPadPro3_129, [000001C0424AC500][000001C03EF1F580 49] iPadPro4_129, [000001C04245ED00][000001C03EF23700 49] AppleTV, [000001C0424AC700][000001C03EF27880 49] AppleTV4K, [000001C04245E600][000001C03EF2BA00 49] TVOS, [000001C0424AF100][000001C04148DB80 49] Mac, [000001C04245F600][000001C041490180 49] MacClient, [000001C0424AF900][000001C0227B22C0 49] MacNoEditor, [000001C04245FF00][000001C041494400 49] MacServer, [000001C0424ACE00][000001C041498540 49] Linux, [000001C04245DC00][000001C0414A06C0 49] LinuxAArch64, [000001C0424AF700][000001C0414A4840 49] LinuxNoEditor, [000001C04245E400][000001C0414A89C0 49] LinuxAArch64NoEditor, [000001C0424ACF00][000001C0414ACB40 49] LinuxClient, [000001C04245D300][000001C0414B0CC0 49] LinuxAArch64Client, [000001C0424AF500][000001C0414B4E40 49] LinuxServer, [000001C04245D200][000001C0414B8FC0 49] LinuxAArch64Server, [000001C0424AE500][000001C0414BD140 49] Android, [000001C04245D900][000001C0414C12C0 49] Android_Low, [000001C0424ACD00][000001C0414C5440 49] Android_Mid, [000001C04245EE00][000001C0414C95C0 49] Android_High, [000001C0424AE000][000001C0414CD740 49] Android_Default, [000001C04245E800][000001C0414D18C0 49] Android_Adreno4xx, [000001C0424AFC00][000001C0414D5A40 49] Android_Adreno5xx_Low, [000001C04245EF00][000001C0414D9BC0 49] Android_Adreno5xx, [000001C0424AFF00][000001C0414DC1C0 49] Android_Adreno6xx, [000001C04245F200][000001C03EFD0340 49] Android_Adreno6xx_Vulkan, [000001C0424AE700][000001C04149C480 49] Android_Mali_T6xx, [000001C04245CE00][000001C03EFD45C0 49] Android_Mali_T7xx, [000001C0424AE200][000001C03EFD8700 49] Android_Mali_T8xx, [000001C04245D600][000001C03EFDC840 49] Android_Mali_G71, [000001C0424ACC00][000001C03EFE49C0 49] Android_Mali_G72, [000001C04245DF00][000001C03EFE8B40 49] Android_Mali_G72_Vulkan, [000001C0424AF400][000001C03EFECCC0 49] Android_Mali_G76, [000001C04245F700][000001C03EFF0E40 49] Android_Mali_G76_Vulkan, [000001C0424ACA00][000001C03EFF4FC0 49] Android_Mali_G77, [000001C04245C900][000001C03EFF9140 49] Android_Mali_G77_Vulkan, [000001C0424AED00][000001C03EFFD2C0 49] Android_Mali_G78, [000001C04245FD00][000001C03F001440 49] Android_Mali_G78_Vulkan, [000001C042472B00][000001C03F0055C0 49] Android_Mali_G710, [000001C04242AF00][000001C03F009740 49] Android_Mali_G710_Vulkan, [000001C042472200][000001C03F00D8C0 49] Android_Vulkan_SM5, [000001C04242AA00][000001C03F011A40 49] Android_PowerVR_G6xxx, [000001C042470400][000001C03F015BC0 49] Android_PowerVR_GT7xxx, [000001C04242A700][000001C03F0181C0 49] Android_PowerVR_GE8xxx, [000001C042470600][000001C03F01C340 49] Android_PowerVR_GM9xxx, [000001C04242A800][000001C03F0204C0 49] Android_PowerVR_GM9xxx_Vulkan, [000001C042471700][000001C03EFE0600 49] Android_TegraK1, [000001C04242B400][000001C03F024740 49] Android_Unknown_Vulkan, [000001C042470700][000001C03F028880 49] Lumin, [000001C04242AD00][000001C03F02C9C0 49] Lumin_Desktop, [000001C042472400][000001C03F034B40 49] HoloLens, 
[2022.01.30-08.46.36:335][  0]LogMeshReduction: Using QuadricMeshReduction for automatic static mesh reduction
[2022.01.30-08.46.36:335][  0]LogMeshReduction: Using SimplygonMeshReduction for automatic skeletal mesh reduction
[2022.01.30-08.46.36:335][  0]LogMeshReduction: Using ProxyLODMeshReduction for automatic mesh merging
[2022.01.30-08.46.36:335][  0]LogMeshReduction: No distributed automatic mesh merging module available
[2022.01.30-08.46.36:340][  0]LogMeshMerging: No distributed automatic mesh merging module available
[2022.01.30-08.46.36:727][  0]LogNetVersion: ProjectUL 1.0.0, NetCL: 17155196, EngineNetVer: 17, GameNetVer: 0 (Checksum: 3033366763)
[2022.01.30-08.46.49:700][  0]LogTexture: Default maximum texture size for cubemaps generated from long-lat sources has been changed from 512 to unlimited. In order to preserve old behaiour for '/Engine/MapTemplates/Sky/DaylightAmbientCubemap.DaylightAmbientCubemap', its maximum texture size has been explicitly set to 512.
[2022.01.30-08.46.50:713][  0]LogUObjectArray: 17750 objects as part of root set at end of initial load.
[2022.01.30-08.46.50:713][  0]LogUObjectAllocator: 4527344 out of 0 bytes used by permanent object pool.
[2022.01.30-08.46.50:713][  0]LogUObjectArray: CloseDisregardForGC: 0/0 objects in disregard for GC pool
[2022.01.30-08.46.53:586][  0]LogNiagaraDebuggerClient: Niagara Debugger Client Initialized | Session: AA41F0574A35220F6FFEBC94DA8C8AB5 | Instance: 9A26BE3B44664FBEDB912BB002325B8C (DESKTOP-O1GFKDE-55676).
[2022.01.30-08.46.55:989][  0]LogPython: Using Python 3.7.7
[2022.01.30-08.46.59:490][  0]LogUdpMessaging: Initializing bridge on interface 0.0.0.0:0 to multicast group 230.0.0.1:6666.
[2022.01.30-08.46.59:543][  0]LogTcpMessaging: Initializing TcpMessaging bridge
[2022.01.30-08.47.00:868][  0]SourceControl: Source control is disabled
[2022.01.30-08.47.00:868][  0]SourceControl: Source control is disabled
[2022.01.30-08.47.01:084][  0]SourceControl: Source control is disabled
[2022.01.30-08.47.01:131][  0]SourceControl: Source control is disabled
[2022.01.30-08.47.01:217][  0]SourceControl: Source control is disabled
[2022.01.30-08.47.01:587][  0]LogUProjectInfo: Found projects:
[2022.01.30-08.47.03:445][  0]LogOpenImageDenoise: OIDN starting up
[2022.01.30-08.47.05:027][  0]LogAndroidPermission: UAndroidPermissionCallbackProxy::GetInstance
[2022.01.30-08.47.05:259][  0]LogAudioCaptureCore: Display: No Audio Capture implementations found. Audio input will be silent.
[2022.01.30-08.47.05:259][  0]LogAudioCaptureCore: Display: No Audio Capture implementations found. Audio input will be silent.
[2022.01.30-08.47.05:946][  0]LogCollectionManager: Loaded 0 collections in 0.001812 seconds
[2022.01.30-08.47.06:001][  0]LogFileCache: Scanning file cache for directory 'F:/UnrealEngineGames/ProjectUL/Saved/Collections/' took 0.02s
[2022.01.30-08.47.06:001][  0]LogFileCache: Scanning file cache for directory 'F:/UnrealEngineGames/ProjectUL/Content/Developers/msw70/Collections/' took 0.00s
[2022.01.30-08.47.06:001][  0]LogFileCache: Scanning file cache for directory 'F:/UnrealEngineGames/ProjectUL/Content/Collections/' took 0.00s
[2022.01.30-08.47.07:244][  0]LogEngine: Initializing Engine...
[2022.01.30-08.47.07:287][  0]LogMagicLeap: Warning: VR disabled because ZI is not enabled.  To enable, in the editor, Edit -> Project Settings -> Plugins -> Magic Leap Plugin -> Enable Zero Iteration
[2022.01.30-08.47.07:324][  0]LogStats: UGameplayTagsManager::InitializeManager -  0.002 s
[2022.01.30-08.47.08:523][  0]LogInit: Initializing FReadOnlyCVARCache
[2022.01.30-08.47.08:918][  0]LogAIModule: Creating AISystem for world Untitled
[2022.01.30-08.47.08:945][  0]LogAudio: Display: Initializing Audio Device Manager...
[2022.01.30-08.47.08:980][  0]LogAudio: Display: Loading Default Audio Settings Objects...
[2022.01.30-08.47.09:001][  0]LogAudio: Display: No default SoundConcurrencyObject specified (or failed to load).
[2022.01.30-08.47.09:034][  0]LogAudio: Display: Audio Device Manager Initialized
[2022.01.30-08.47.09:034][  0]LogAudio: Display: Creating Audio Device:                 Id: 1, Scope: Shared, Realtime: True
[2022.01.30-08.47.09:035][  0]LogAudioMixer: Display: Audio Mixer Platform Settings:
[2022.01.30-08.47.09:035][  0]LogAudioMixer: Display: 	Sample Rate:						  48000
[2022.01.30-08.47.09:035][  0]LogAudioMixer: Display: 	Callback Buffer Frame Size Requested: 1024
[2022.01.30-08.47.09:035][  0]LogAudioMixer: Display: 	Callback Buffer Frame Size To Use:	  1024
[2022.01.30-08.47.09:035][  0]LogAudioMixer: Display: 	Number of buffers to queue:			  2
[2022.01.30-08.47.09:035][  0]LogAudioMixer: Display: 	Max Channels (voices):				  32
[2022.01.30-08.47.09:035][  0]LogAudioMixer: Display: 	Number of Async Source Workers:		  0
[2022.01.30-08.47.09:035][  0]LogAudio: Display: AudioDevice MaxSources: 32
[2022.01.30-08.47.09:052][  0]LogAudio: Display: Audio Spatialization Plugin: None (built-in).
[2022.01.30-08.47.09:052][  0]LogAudio: Display: Audio Reverb Plugin: None (built-in).
[2022.01.30-08.47.09:052][  0]LogAudio: Display: Audio Occlusion Plugin: None (built-in).
[2022.01.30-08.47.09:052][  0]LogAudioMixer: Display: Initializing audio mixer.
[2022.01.30-08.47.10:284][  0]LogAudioMixer: Display: 0: FrontLeft
[2022.01.30-08.47.10:284][  0]LogAudioMixer: Display: 1: FrontRight
[2022.01.30-08.47.10:284][  0]LogAudioMixer: Display: 2: FrontCenter
[2022.01.30-08.47.10:284][  0]LogAudioMixer: Display: 3: LowFrequency
[2022.01.30-08.47.10:284][  0]LogAudioMixer: Display: 4: BackLeft
[2022.01.30-08.47.10:284][  0]LogAudioMixer: Display: 5: BackRight
[2022.01.30-08.47.10:284][  0]LogAudioMixer: Display: 6: SideLeft
[2022.01.30-08.47.10:284][  0]LogAudioMixer: Display: 7: SideRight
[2022.01.30-08.47.10:737][  0]LogAudioMixer: Display: Using Audio Device CABLE Input (VB-Audio Virtual Cable)
[2022.01.30-08.47.10:756][  0]LogAudioMixer: Display: Initializing Sound Submixes...
[2022.01.30-08.47.10:814][  0]LogAudioMixer: Display: Creating Master Submix 'MasterSubmixDefault'
[2022.01.30-08.47.10:814][  0]LogAudioMixer: Display: Creating Master Submix 'MasterReverbSubmixDefault'
[2022.01.30-08.47.10:827][  0]LogAudioMixer: Display: Creating Master Submix 'MasterEQSubmixDefault'
[2022.01.30-08.47.10:827][  0]LogAudioMixer: FMixerPlatformXAudio2::StartAudioStream() called
[2022.01.30-08.47.10:827][  0]LogAudioMixer: Display: Output buffers initialized: Frames=1024, Channels=8, Samples=8192
[2022.01.30-08.47.10:831][  0]LogAudioMixer: Display: Starting AudioMixerPlatformInterface::RunInternal()
[2022.01.30-08.47.10:831][  0]LogAudioMixer: Display: FMixerPlatformXAudio2::SubmitBuffer() called for the first time
[2022.01.30-08.47.10:831][  0]LogInit: FAudioDevice initialized.
[2022.01.30-08.47.10:832][  0]LogAudio: Display: Audio Device (ID: 1) registered with world 'Untitled'.
[2022.01.30-08.47.10:832][  0]LogNetVersion: Set ProjectVersion to 1.0.0.0. Version Checksum will be recalculated on next use.
[2022.01.30-08.47.10:921][  0]LogDerivedDataCache: Saved boot cache 0.09s 82MB C:/Users/msw70/AppData/Local/UnrealEngine/4.27/DerivedDataCache/Boot.ddc.
[2022.01.30-08.47.10:930][  0]LogInit: Texture streaming: Enabled
[2022.01.30-08.47.11:122][  0]LogAnalytics: Display: [UEEditor.Rocket.Release] APIServer = https://datarouter.ol.epicgames.com/. AppVersion = 4.27.2-18319896+++UE4+Release-4.27
[2022.01.30-08.47.11:187][  0]LogEngineSessionManager: EngineSessionManager initialized
[2022.01.30-08.47.11:203][  0]LogEditorSessionSummary: Verbose: Initializing EditorSessionSummaryWriter for editor session tracking
[2022.01.30-08.47.11:235][  0]LogEditorSessionSummary: EditorSessionSummaryWriter initialized
[2022.01.30-08.47.11:487][  0]LogInit: Transaction tracking system initialized
[2022.01.30-08.47.11:883][  0]BlueprintLog: New page: Editor Load
[2022.01.30-08.47.13:179][  0]LocalizationService: Localization service is disabled
[2022.01.30-08.47.13:624][  0]TimingProfiler: Initialize
[2022.01.30-08.47.13:626][  0]TimingProfiler: OnSessionChanged
[2022.01.30-08.47.13:626][  0]LoadingProfiler: Initialize
[2022.01.30-08.47.13:627][  0]LoadingProfiler: OnSessionChanged
[2022.01.30-08.47.13:627][  0]NetworkingProfiler: Initialize
[2022.01.30-08.47.13:627][  0]NetworkingProfiler: OnSessionChanged
[2022.01.30-08.47.13:627][  0]MemoryProfiler: Initialize
[2022.01.30-08.47.13:627][  0]MemoryProfiler: OnSessionChanged
[2022.01.30-08.47.17:068][  0]LogFileCache: Scanning file cache for directory 'F:/UnrealEngineGames/ProjectUL/Content/' took 0.01s
[2022.01.30-08.47.17:068][  0]LogCook: Display: CookSettings for Memory: MemoryMaxUsedVirtual 0MiB, MemoryMaxUsedPhysical 16384MiB, MemoryMinFreeVirtual 0MiB, MemoryMinFreePhysical 1024MiB
[2022.01.30-08.47.17:069][  0]LogCook: Display: Mobile HDR setting 1
[2022.01.30-08.47.19:960][  0]LogInit: Display: Engine is initialized. Leaving FEngineLoop::Init()
[2022.01.30-08.47.20:023][  0]SourceControl: Source control is disabled
[2022.01.30-08.47.20:024][  0]LogUnrealEdMisc: Loading editor; pre map load, took 111.983
[2022.01.30-08.47.20:070][  0]Cmd: MAP LOAD FILE="F:/UnrealEngineGames/ProjectUL/Content/ThirdPersonBP/Maps/ThirdPersonExampleMap.umap" TEMPLATE=0 SHOWPROGRESS=1 FEATURELEVEL=3
[2022.01.30-08.47.20:077][  0]LightingResults: New page: Lighting Build
[2022.01.30-08.47.20:162][  0]LogWorld: UWorld::CleanupWorld for Untitled, bSessionEnded=true, bCleanupResources=true
[2022.01.30-08.47.20:220][  0]LogSlate: InvalidateAllWidgets triggered.  All widgets were invalidated
[2022.01.30-08.47.20:280][  0]MapCheck: New page: Map Check
[2022.01.30-08.47.20:280][  0]LightingResults: New page: Lighting Build
[2022.01.30-08.47.20:435][  0]LogAudio: Display: Audio Device unregistered from world 'None'.
[2022.01.30-08.47.20:521][  0]LogUObjectHash: Compacting FUObjectHashTables data took   0.87ms
[2022.01.30-08.47.22:162][  0]LogAudio: Display: Audio Device (ID: 1) registered with world 'ThirdPersonExampleMap'.
[2022.01.30-08.47.22:172][  0]LogAIModule: Creating AISystem for world ThirdPersonExampleMap
[2022.01.30-08.47.22:398][  0]LogEditorServer: Finished looking for orphan Actors (0.000 secs)
[2022.01.30-08.47.22:471][  0]LogUObjectHash: Compacting FUObjectHashTables data took   1.26ms
[2022.01.30-08.47.22:473][  0]Cmd: MAP CHECKDEP NOCLEARLOG
[2022.01.30-08.47.22:473][  0]MapCheck: Map check complete: 0 Error(s), 0 Warning(s), took 0,545ms to complete.
[2022.01.30-08.47.22:473][  0]LogFileHelpers: Loading map 'ThirdPersonExampleMap' took 2.407
[2022.01.30-08.47.23:326][  0]LogUnrealEdMisc: Total Editor Startup Time, took 115.284
[2022.01.30-08.47.24:058][  0]LogSlate: Updating window title bar state: overlay mode, drag disabled, window buttons hidden, title bar hidden
[2022.01.30-08.47.24:075][  0]LogSlate: Updating window title bar state: overlay mode, drag disabled, window buttons hidden, title bar hidden
[2022.01.30-08.47.24:082][  0]LogSlate: Updating window title bar state: overlay mode, drag disabled, window buttons hidden, title bar hidden
[2022.01.30-08.47.24:090][  0]LogSlate: Updating window title bar state: overlay mode, drag disabled, window buttons hidden, title bar hidden
[2022.01.30-08.47.24:314][  0]LogNativeClassHierarchy: Verbose: Native class hierarchy populated in 0.0243 seconds. Added 3741 classes and 874 folders.
[2022.01.30-08.47.24:473][  0]LogNativeClassHierarchy: Verbose: Native class hierarchy updated for 'WidgetCarousel' in 0.0003 seconds. Added 0 classes and 0 folders.
[2022.01.30-08.47.24:610][  0]LogPakFile: PakFile PrimaryIndexSize=187
[2022.01.30-08.47.24:610][  0]LogPakFile: PakFile PathHashIndexSize=101
[2022.01.30-08.47.24:610][  0]LogPakFile: PakFile FullDirectoryIndexSize=148
[2022.01.30-08.47.24:610][  0]LogShaderLibrary: Display: ShaderCodeLibraryPakFileMountedCallback: PakFile 'G:/Unreal/UnrealEngine/UE_4.27/FeaturePacks/FP_FirstPerson.upack' (chunk index -1, root 'root:/') mounted
[2022.01.30-08.47.24:610][  0]LogShaderLibrary: Display: ShaderCodeLibraryPakFileMountedCallback: pending pak file info (ChunkID:-1 Root:root:/ File:G:/Unreal/UnrealEngine/UE_4.27/FeaturePacks/FP_FirstPerson.upack)
[2022.01.30-08.47.24:610][  0]LogPakFile: OnPakFileMounted2Time == 0.000058
[2022.01.30-08.47.24:639][  0]LogPakFile: PakFile PrimaryIndexSize=189
[2022.01.30-08.47.24:640][  0]LogPakFile: PakFile PathHashIndexSize=101
[2022.01.30-08.47.24:640][  0]LogPakFile: PakFile FullDirectoryIndexSize=152
[2022.01.30-08.47.24:640][  0]LogShaderLibrary: Display: ShaderCodeLibraryPakFileMountedCallback: PakFile 'G:/Unreal/UnrealEngine/UE_4.27/FeaturePacks/FP_FirstPersonBP.upack' (chunk index -1, root 'root:/') mounted
[2022.01.30-08.47.24:640][  0]LogShaderLibrary: Display: ShaderCodeLibraryPakFileMountedCallback: pending pak file info (ChunkID:-1 Root:root:/ File:G:/Unreal/UnrealEngine/UE_4.27/FeaturePacks/FP_FirstPersonBP.upack)
[2022.01.30-08.47.24:640][  0]LogPakFile: OnPakFileMounted2Time == 0.000049
[2022.01.30-08.47.24:699][  0]LogPakFile: PakFile PrimaryIndexSize=191
[2022.01.30-08.47.24:699][  0]LogPakFile: PakFile PathHashIndexSize=101
[2022.01.30-08.47.24:699][  0]LogPakFile: PakFile FullDirectoryIndexSize=160
[2022.01.30-08.47.24:699][  0]LogShaderLibrary: Display: ShaderCodeLibraryPakFileMountedCallback: PakFile 'G:/Unreal/UnrealEngine/UE_4.27/FeaturePacks/MobileStarterContent.upack' (chunk index -1, root 'root:/') mounted
[2022.01.30-08.47.24:700][  0]LogShaderLibrary: Display: ShaderCodeLibraryPakFileMountedCallback: pending pak file info (ChunkID:-1 Root:root:/ File:G:/Unreal/UnrealEngine/UE_4.27/FeaturePacks/MobileStarterContent.upack)
[2022.01.30-08.47.24:700][  0]LogPakFile: OnPakFileMounted2Time == 0.000053
[2022.01.30-08.47.24:717][  0]LogPakFile: PakFile PrimaryIndexSize=185
[2022.01.30-08.47.24:717][  0]LogPakFile: PakFile PathHashIndexSize=101
[2022.01.30-08.47.24:717][  0]LogPakFile: PakFile FullDirectoryIndexSize=148
[2022.01.30-08.47.24:717][  0]LogShaderLibrary: Display: ShaderCodeLibraryPakFileMountedCallback: PakFile 'G:/Unreal/UnrealEngine/UE_4.27/FeaturePacks/StarterContent.upack' (chunk index -1, root 'root:/') mounted
[2022.01.30-08.47.24:717][  0]LogShaderLibrary: Display: ShaderCodeLibraryPakFileMountedCallback: pending pak file info (ChunkID:-1 Root:root:/ File:G:/Unreal/UnrealEngine/UE_4.27/FeaturePacks/StarterContent.upack)
[2022.01.30-08.47.24:717][  0]LogPakFile: OnPakFileMounted2Time == 0.000062
[2022.01.30-08.47.24:742][  0]LogPakFile: PakFile PrimaryIndexSize=190
[2022.01.30-08.47.24:742][  0]LogPakFile: PakFile PathHashIndexSize=101
[2022.01.30-08.47.24:742][  0]LogPakFile: PakFile FullDirectoryIndexSize=154
[2022.01.30-08.47.24:742][  0]LogShaderLibrary: Display: ShaderCodeLibraryPakFileMountedCallback: PakFile 'G:/Unreal/UnrealEngine/UE_4.27/FeaturePacks/TP_2DSideScroller.upack' (chunk index -1, root 'root:/') mounted
[2022.01.30-08.47.24:742][  0]LogShaderLibrary: Display: ShaderCodeLibraryPakFileMountedCallback: pending pak file info (ChunkID:-1 Root:root:/ File:G:/Unreal/UnrealEngine/UE_4.27/FeaturePacks/TP_2DSideScroller.upack)
[2022.01.30-08.47.24:742][  0]LogPakFile: OnPakFileMounted2Time == 0.000038
[2022.01.30-08.47.24:760][  0]LogPakFile: PakFile PrimaryIndexSize=192
[2022.01.30-08.47.24:760][  0]LogPakFile: PakFile PathHashIndexSize=101
[2022.01.30-08.47.24:760][  0]LogPakFile: PakFile FullDirectoryIndexSize=158
[2022.01.30-08.47.24:760][  0]LogShaderLibrary: Display: ShaderCodeLibraryPakFileMountedCallback: PakFile 'G:/Unreal/UnrealEngine/UE_4.27/FeaturePacks/TP_2DSideScrollerBP.upack' (chunk index -1, root 'root:/') mounted
[2022.01.30-08.47.24:760][  0]LogShaderLibrary: Display: ShaderCodeLibraryPakFileMountedCallback: pending pak file info (ChunkID:-1 Root:root:/ File:G:/Unreal/UnrealEngine/UE_4.27/FeaturePacks/TP_2DSideScrollerBP.upack)
[2022.01.30-08.47.24:760][  0]LogPakFile: OnPakFileMounted2Time == 0.000045
[2022.01.30-08.47.24:777][  0]LogPakFile: PakFile PrimaryIndexSize=182
[2022.01.30-08.47.24:777][  0]LogPakFile: PakFile PathHashIndexSize=101
[2022.01.30-08.47.24:777][  0]LogPakFile: PakFile FullDirectoryIndexSize=138
[2022.01.30-08.47.24:777][  0]LogShaderLibrary: Display: ShaderCodeLibraryPakFileMountedCallback: PakFile 'G:/Unreal/UnrealEngine/UE_4.27/FeaturePacks/TP_Flying.upack' (chunk index -1, root 'root:/') mounted
[2022.01.30-08.47.24:777][  0]LogShaderLibrary: Display: ShaderCodeLibraryPakFileMountedCallback: pending pak file info (ChunkID:-1 Root:root:/ File:G:/Unreal/UnrealEngine/UE_4.27/FeaturePacks/TP_Flying.upack)
[2022.01.30-08.47.24:777][  0]LogPakFile: OnPakFileMounted2Time == 0.000045
[2022.01.30-08.47.24:802][  0]LogPakFile: PakFile PrimaryIndexSize=184
[2022.01.30-08.47.24:802][  0]LogPakFile: PakFile PathHashIndexSize=101
[2022.01.30-08.47.24:802][  0]LogPakFile: PakFile FullDirectoryIndexSize=142
[2022.01.30-08.47.24:802][  0]LogShaderLibrary: Display: ShaderCodeLibraryPakFileMountedCallback: PakFile 'G:/Unreal/UnrealEngine/UE_4.27/FeaturePacks/TP_FlyingBP.upack' (chunk index -1, root 'root:/') mounted
[2022.01.30-08.47.24:802][  0]LogShaderLibrary: Display: ShaderCodeLibraryPakFileMountedCallback: pending pak file info (ChunkID:-1 Root:root:/ File:G:/Unreal/UnrealEngine/UE_4.27/FeaturePacks/TP_FlyingBP.upack)
[2022.01.30-08.47.24:802][  0]LogPakFile: OnPakFileMounted2Time == 0.000045
[2022.01.30-08.47.24:835][  0]LogPakFile: PakFile PrimaryIndexSize=188
[2022.01.30-08.47.24:835][  0]LogPakFile: PakFile PathHashIndexSize=101
[2022.01.30-08.47.24:835][  0]LogPakFile: PakFile FullDirectoryIndexSize=150
[2022.01.30-08.47.24:835][  0]LogShaderLibrary: Display: ShaderCodeLibraryPakFileMountedCallback: PakFile 'G:/Unreal/UnrealEngine/UE_4.27/FeaturePacks/TP_HandheldARBP.upack' (chunk index -1, root 'root:/') mounted
[2022.01.30-08.47.24:835][  0]LogShaderLibrary: Display: ShaderCodeLibraryPakFileMountedCallback: pending pak file info (ChunkID:-1 Root:root:/ File:G:/Unreal/UnrealEngine/UE_4.27/FeaturePacks/TP_HandheldARBP.upack)
[2022.01.30-08.47.24:835][  0]LogPakFile: OnPakFileMounted2Time == 0.000051
[2022.01.30-08.47.24:860][  0]LogPakFile: PakFile PrimaryIndexSize=182
[2022.01.30-08.47.24:860][  0]LogPakFile: PakFile PathHashIndexSize=101
[2022.01.30-08.47.24:860][  0]LogPakFile: PakFile FullDirectoryIndexSize=138
[2022.01.30-08.47.24:860][  0]LogShaderLibrary: Display: ShaderCodeLibraryPakFileMountedCallback: PakFile 'G:/Unreal/UnrealEngine/UE_4.27/FeaturePacks/TP_Puzzle.upack' (chunk index -1, root 'root:/') mounted
[2022.01.30-08.47.24:860][  0]LogShaderLibrary: Display: ShaderCodeLibraryPakFileMountedCallback: pending pak file info (ChunkID:-1 Root:root:/ File:G:/Unreal/UnrealEngine/UE_4.27/FeaturePacks/TP_Puzzle.upack)
[2022.01.30-08.47.24:860][  0]LogPakFile: OnPakFileMounted2Time == 0.000053
[2022.01.30-08.47.24:878][  0]LogPakFile: PakFile PrimaryIndexSize=184
[2022.01.30-08.47.24:878][  0]LogPakFile: PakFile PathHashIndexSize=101
[2022.01.30-08.47.24:878][  0]LogPakFile: PakFile FullDirectoryIndexSize=142
[2022.01.30-08.47.24:878][  0]LogShaderLibrary: Display: ShaderCodeLibraryPakFileMountedCallback: PakFile 'G:/Unreal/UnrealEngine/UE_4.27/FeaturePacks/TP_PuzzleBP.upack' (chunk index -1, root 'root:/') mounted
[2022.01.30-08.47.24:878][  0]LogShaderLibrary: Display: ShaderCodeLibraryPakFileMountedCallback: pending pak file info (ChunkID:-1 Root:root:/ File:G:/Unreal/UnrealEngine/UE_4.27/FeaturePacks/TP_PuzzleBP.upack)
[2022.01.30-08.47.24:879][  0]LogPakFile: OnPakFileMounted2Time == 0.000036
[2022.01.30-08.47.24:901][  0]LogPakFile: PakFile PrimaryIndexSize=183
[2022.01.30-08.47.24:901][  0]LogPakFile: PakFile PathHashIndexSize=101
[2022.01.30-08.47.24:901][  0]LogPakFile: PakFile FullDirectoryIndexSize=140
[2022.01.30-08.47.24:901][  0]LogShaderLibrary: Display: ShaderCodeLibraryPakFileMountedCallback: PakFile 'G:/Unreal/UnrealEngine/UE_4.27/FeaturePacks/TP_Rolling.upack' (chunk index -1, root 'root:/') mounted
[2022.01.30-08.47.24:901][  0]LogShaderLibrary: Display: ShaderCodeLibraryPakFileMountedCallback: pending pak file info (ChunkID:-1 Root:root:/ File:G:/Unreal/UnrealEngine/UE_4.27/FeaturePacks/TP_Rolling.upack)
[2022.01.30-08.47.24:901][  0]LogPakFile: OnPakFileMounted2Time == 0.000037
[2022.01.30-08.47.24:917][  0]LogPakFile: PakFile PrimaryIndexSize=185
[2022.01.30-08.47.24:917][  0]LogPakFile: PakFile PathHashIndexSize=101
[2022.01.30-08.47.24:917][  0]LogPakFile: PakFile FullDirectoryIndexSize=144
[2022.01.30-08.47.24:917][  0]LogShaderLibrary: Display: ShaderCodeLibraryPakFileMountedCallback: PakFile 'G:/Unreal/UnrealEngine/UE_4.27/FeaturePacks/TP_RollingBP.upack' (chunk index -1, root 'root:/') mounted
[2022.01.30-08.47.24:917][  0]LogShaderLibrary: Display: ShaderCodeLibraryPakFileMountedCallback: pending pak file info (ChunkID:-1 Root:root:/ File:G:/Unreal/UnrealEngine/UE_4.27/FeaturePacks/TP_RollingBP.upack)
[2022.01.30-08.47.24:917][  0]LogPakFile: OnPakFileMounted2Time == 0.000041
[2022.01.30-08.47.24:942][  0]LogPakFile: PakFile PrimaryIndexSize=188
[2022.01.30-08.47.24:942][  0]LogPakFile: PakFile PathHashIndexSize=101
[2022.01.30-08.47.24:942][  0]LogPakFile: PakFile FullDirectoryIndexSize=150
[2022.01.30-08.47.24:942][  0]LogShaderLibrary: Display: ShaderCodeLibraryPakFileMountedCallback: PakFile 'G:/Unreal/UnrealEngine/UE_4.27/FeaturePacks/TP_SideScroller.upack' (chunk index -1, root 'root:/') mounted
[2022.01.30-08.47.24:942][  0]LogShaderLibrary: Display: ShaderCodeLibraryPakFileMountedCallback: pending pak file info (ChunkID:-1 Root:root:/ File:G:/Unreal/UnrealEngine/UE_4.27/FeaturePacks/TP_SideScroller.upack)
[2022.01.30-08.47.24:942][  0]LogPakFile: OnPakFileMounted2Time == 0.000038
[2022.01.30-08.47.24:960][  0]LogPakFile: PakFile PrimaryIndexSize=190
[2022.01.30-08.47.24:960][  0]LogPakFile: PakFile PathHashIndexSize=101
[2022.01.30-08.47.24:960][  0]LogPakFile: PakFile FullDirectoryIndexSize=154
[2022.01.30-08.47.24:960][  0]LogShaderLibrary: Display: ShaderCodeLibraryPakFileMountedCallback: PakFile 'G:/Unreal/UnrealEngine/UE_4.27/FeaturePacks/TP_SideScrollerBP.upack' (chunk index -1, root 'root:/') mounted
[2022.01.30-08.47.24:960][  0]LogShaderLibrary: Display: ShaderCodeLibraryPakFileMountedCallback: pending pak file info (ChunkID:-1 Root:root:/ File:G:/Unreal/UnrealEngine/UE_4.27/FeaturePacks/TP_SideScrollerBP.upack)
[2022.01.30-08.47.24:960][  0]LogPakFile: OnPakFileMounted2Time == 0.000042
[2022.01.30-08.47.24:976][  0]LogPakFile: PakFile PrimaryIndexSize=187
[2022.01.30-08.47.24:976][  0]LogPakFile: PakFile PathHashIndexSize=101
[2022.01.30-08.47.24:976][  0]LogPakFile: PakFile FullDirectoryIndexSize=148
[2022.01.30-08.47.24:976][  0]LogShaderLibrary: Display: ShaderCodeLibraryPakFileMountedCallback: PakFile 'G:/Unreal/UnrealEngine/UE_4.27/FeaturePacks/TP_ThirdPerson.upack' (chunk index -1, root 'root:/') mounted
[2022.01.30-08.47.24:976][  0]LogShaderLibrary: Display: ShaderCodeLibraryPakFileMountedCallback: pending pak file info (ChunkID:-1 Root:root:/ File:G:/Unreal/UnrealEngine/UE_4.27/FeaturePacks/TP_ThirdPerson.upack)
[2022.01.30-08.47.24:976][  0]LogPakFile: OnPakFileMounted2Time == 0.000040
[2022.01.30-08.47.24:993][  0]LogPakFile: PakFile PrimaryIndexSize=189
[2022.01.30-08.47.24:993][  0]LogPakFile: PakFile PathHashIndexSize=101
[2022.01.30-08.47.24:993][  0]LogPakFile: PakFile FullDirectoryIndexSize=152
[2022.01.30-08.47.24:993][  0]LogShaderLibrary: Display: ShaderCodeLibraryPakFileMountedCallback: PakFile 'G:/Unreal/UnrealEngine/UE_4.27/FeaturePacks/TP_ThirdPersonBP.upack' (chunk index -1, root 'root:/') mounted
[2022.01.30-08.47.24:993][  0]LogShaderLibrary: Display: ShaderCodeLibraryPakFileMountedCallback: pending pak file info (ChunkID:-1 Root:root:/ File:G:/Unreal/UnrealEngine/UE_4.27/FeaturePacks/TP_ThirdPersonBP.upack)
[2022.01.30-08.47.24:993][  0]LogPakFile: OnPakFileMounted2Time == 0.000041
[2022.01.30-08.47.25:009][  0]LogPakFile: PakFile PrimaryIndexSize=183
[2022.01.30-08.47.25:009][  0]LogPakFile: PakFile PathHashIndexSize=101
[2022.01.30-08.47.25:009][  0]LogPakFile: PakFile FullDirectoryIndexSize=140
[2022.01.30-08.47.25:009][  0]LogShaderLibrary: Display: ShaderCodeLibraryPakFileMountedCallback: PakFile 'G:/Unreal/UnrealEngine/UE_4.27/FeaturePacks/TP_TopDown.upack' (chunk index -1, root 'root:/') mounted
[2022.01.30-08.47.25:009][  0]LogShaderLibrary: Display: ShaderCodeLibraryPakFileMountedCallback: pending pak file info (ChunkID:-1 Root:root:/ File:G:/Unreal/UnrealEngine/UE_4.27/FeaturePacks/TP_TopDown.upack)
[2022.01.30-08.47.25:009][  0]LogPakFile: OnPakFileMounted2Time == 0.000052
[2022.01.30-08.47.25:024][  0]LogPakFile: PakFile PrimaryIndexSize=185
[2022.01.30-08.47.25:025][  0]LogPakFile: PakFile PathHashIndexSize=101
[2022.01.30-08.47.25:025][  0]LogPakFile: PakFile FullDirectoryIndexSize=144
[2022.01.30-08.47.25:025][  0]LogShaderLibrary: Display: ShaderCodeLibraryPakFileMountedCallback: PakFile 'G:/Unreal/UnrealEngine/UE_4.27/FeaturePacks/TP_TopDownBP.upack' (chunk index -1, root 'root:/') mounted
[2022.01.30-08.47.25:025][  0]LogShaderLibrary: Display: ShaderCodeLibraryPakFileMountedCallback: pending pak file info (ChunkID:-1 Root:root:/ File:G:/Unreal/UnrealEngine/UE_4.27/FeaturePacks/TP_TopDownBP.upack)
[2022.01.30-08.47.25:025][  0]LogPakFile: OnPakFileMounted2Time == 0.000041
[2022.01.30-08.47.25:053][  0]LogPakFile: PakFile PrimaryIndexSize=185
[2022.01.30-08.47.25:053][  0]LogPakFile: PakFile PathHashIndexSize=101
[2022.01.30-08.47.25:053][  0]LogPakFile: PakFile FullDirectoryIndexSize=144
[2022.01.30-08.47.25:053][  0]LogShaderLibrary: Display: ShaderCodeLibraryPakFileMountedCallback: PakFile 'G:/Unreal/UnrealEngine/UE_4.27/FeaturePacks/TP_TwinStick.upack' (chunk index -1, root 'root:/') mounted
[2022.01.30-08.47.25:053][  0]LogShaderLibrary: Display: ShaderCodeLibraryPakFileMountedCallback: pending pak file info (ChunkID:-1 Root:root:/ File:G:/Unreal/UnrealEngine/UE_4.27/FeaturePacks/TP_TwinStick.upack)
[2022.01.30-08.47.25:053][  0]LogPakFile: OnPakFileMounted2Time == 0.000048
[2022.01.30-08.47.25:067][  0]LogPakFile: PakFile PrimaryIndexSize=187
[2022.01.30-08.47.25:067][  0]LogPakFile: PakFile PathHashIndexSize=101
[2022.01.30-08.47.25:067][  0]LogPakFile: PakFile FullDirectoryIndexSize=148
[2022.01.30-08.47.25:067][  0]LogShaderLibrary: Display: ShaderCodeLibraryPakFileMountedCallback: PakFile 'G:/Unreal/UnrealEngine/UE_4.27/FeaturePacks/TP_TwinStickBP.upack' (chunk index -1, root 'root:/') mounted
[2022.01.30-08.47.25:067][  0]LogShaderLibrary: Display: ShaderCodeLibraryPakFileMountedCallback: pending pak file info (ChunkID:-1 Root:root:/ File:G:/Unreal/UnrealEngine/UE_4.27/FeaturePacks/TP_TwinStickBP.upack)
[2022.01.30-08.47.25:067][  0]LogPakFile: OnPakFileMounted2Time == 0.000038
[2022.01.30-08.47.25:084][  0]LogPakFile: PakFile PrimaryIndexSize=183
[2022.01.30-08.47.25:084][  0]LogPakFile: PakFile PathHashIndexSize=101
[2022.01.30-08.47.25:084][  0]LogPakFile: PakFile FullDirectoryIndexSize=140
[2022.01.30-08.47.25:084][  0]LogShaderLibrary: Display: ShaderCodeLibraryPakFileMountedCallback: PakFile 'G:/Unreal/UnrealEngine/UE_4.27/FeaturePacks/TP_Vehicle.upack' (chunk index -1, root 'root:/') mounted
[2022.01.30-08.47.25:084][  0]LogShaderLibrary: Display: ShaderCodeLibraryPakFileMountedCallback: pending pak file info (ChunkID:-1 Root:root:/ File:G:/Unreal/UnrealEngine/UE_4.27/FeaturePacks/TP_Vehicle.upack)
[2022.01.30-08.47.25:084][  0]LogPakFile: OnPakFileMounted2Time == 0.000051
[2022.01.30-08.47.25:103][  0]LogPakFile: PakFile PrimaryIndexSize=186
[2022.01.30-08.47.25:103][  0]LogPakFile: PakFile PathHashIndexSize=101
[2022.01.30-08.47.25:104][  0]LogPakFile: PakFile FullDirectoryIndexSize=146
[2022.01.30-08.47.25:104][  0]LogShaderLibrary: Display: ShaderCodeLibraryPakFileMountedCallback: PakFile 'G:/Unreal/UnrealEngine/UE_4.27/FeaturePacks/TP_VehicleAdv.upack' (chunk index -1, root 'root:/') mounted
[2022.01.30-08.47.25:104][  0]LogShaderLibrary: Display: ShaderCodeLibraryPakFileMountedCallback: pending pak file info (ChunkID:-1 Root:root:/ File:G:/Unreal/UnrealEngine/UE_4.27/FeaturePacks/TP_VehicleAdv.upack)
[2022.01.30-08.47.25:104][  0]LogPakFile: OnPakFileMounted2Time == 0.000064
[2022.01.30-08.47.25:124][  0]LogPakFile: PakFile PrimaryIndexSize=188
[2022.01.30-08.47.25:124][  0]LogPakFile: PakFile PathHashIndexSize=101
[2022.01.30-08.47.25:124][  0]LogPakFile: PakFile FullDirectoryIndexSize=150
[2022.01.30-08.47.25:124][  0]LogShaderLibrary: Display: ShaderCodeLibraryPakFileMountedCallback: PakFile 'G:/Unreal/UnrealEngine/UE_4.27/FeaturePacks/TP_VehicleAdvBP.upack' (chunk index -1, root 'root:/') mounted
[2022.01.30-08.47.25:124][  0]LogShaderLibrary: Display: ShaderCodeLibraryPakFileMountedCallback: pending pak file info (ChunkID:-1 Root:root:/ File:G:/Unreal/UnrealEngine/UE_4.27/FeaturePacks/TP_VehicleAdvBP.upack)
[2022.01.30-08.47.25:124][  0]LogPakFile: OnPakFileMounted2Time == 0.000040
[2022.01.30-08.47.25:146][  0]LogPakFile: PakFile PrimaryIndexSize=185
[2022.01.30-08.47.25:146][  0]LogPakFile: PakFile PathHashIndexSize=101
[2022.01.30-08.47.25:146][  0]LogPakFile: PakFile FullDirectoryIndexSize=144
[2022.01.30-08.47.25:147][  0]LogShaderLibrary: Display: ShaderCodeLibraryPakFileMountedCallback: PakFile 'G:/Unreal/UnrealEngine/UE_4.27/FeaturePacks/TP_VehicleBP.upack' (chunk index -1, root 'root:/') mounted
[2022.01.30-08.47.25:147][  0]LogShaderLibrary: Display: ShaderCodeLibraryPakFileMountedCallback: pending pak file info (ChunkID:-1 Root:root:/ File:G:/Unreal/UnrealEngine/UE_4.27/FeaturePacks/TP_VehicleBP.upack)
[2022.01.30-08.47.25:147][  0]LogPakFile: OnPakFileMounted2Time == 0.000068
[2022.01.30-08.47.25:165][  0]LogPakFile: PakFile PrimaryIndexSize=192
[2022.01.30-08.47.25:165][  0]LogPakFile: PakFile PathHashIndexSize=101
[2022.01.30-08.47.25:165][  0]LogPakFile: PakFile FullDirectoryIndexSize=158
[2022.01.30-08.47.25:165][  0]LogShaderLibrary: Display: ShaderCodeLibraryPakFileMountedCallback: PakFile 'G:/Unreal/UnrealEngine/UE_4.27/FeaturePacks/TP_VirtualRealityBP.upack' (chunk index -1, root 'root:/') mounted
[2022.01.30-08.47.25:165][  0]LogShaderLibrary: Display: ShaderCodeLibraryPakFileMountedCallback: pending pak file info (ChunkID:-1 Root:root:/ File:G:/Unreal/UnrealEngine/UE_4.27/FeaturePacks/TP_VirtualRealityBP.upack)
[2022.01.30-08.47.25:165][  0]LogPakFile: OnPakFileMounted2Time == 0.000071
[2022.01.30-08.47.26:764][  0]LogNativeClassHierarchy: Verbose: Native class hierarchy updated for 'AddContentDialog' in 0.0005 seconds. Added 0 classes and 0 folders.
[2022.01.30-08.47.26:840][  0]LogNativeClassHierarchy: Verbose: Native class hierarchy updated for 'SceneOutliner' in 0.0010 seconds. Added 2 classes and 0 folders.
[2022.01.30-08.47.27:543][  0]LogSlate: Took 0.018571 seconds to synchronously load lazily loaded font '../../../Engine/Content/Slate/Fonts/Roboto-Regular.ttf' (155K)
[2022.01.30-08.47.27:575][  0]LogSlate: Took 0.016121 seconds to synchronously load lazily loaded font '../../../Engine/Content/Editor/Slate/Fonts/FontAwesome.ttf' (139K)
[2022.01.30-08.47.27:594][  0]LogSlate: Took 0.017911 seconds to synchronously load lazily loaded font '../../../Engine/Content/Slate/Fonts/Roboto-Bold.ttf' (160K)
[2022.01.30-08.47.27:948][  0]LogRenderer: Reallocating scene render targets to support 1208x572 Format 10 NumSamples 1 (Frame:1).
[2022.01.30-08.47.28:443][  0]LogNativeClassHierarchy: Verbose: Native class hierarchy updated for 'HierarchicalLODOutliner' in 0.0004 seconds. Added 0 classes and 0 folders.
[2022.01.30-08.47.28:444][  0]LogInput: Warning: Action Jump uses invalid key OculusGo_Left_Trigger_Click.
[2022.01.30-08.47.28:444][  0]LogInput: Warning: Action ResetVR uses invalid key OculusGo_Left_Trackpad_Click.
[2022.01.30-08.47.28:444][  0]LogInput: Warning: Use -RemoveInvalidKeys to remove instances of these keys from the action mapping.
[2022.01.30-08.47.28:444][  0]LogLoad: (Engine Initialization) Total time: 120.40 seconds
[2022.01.30-08.47.28:444][  0]LogLoad: (Engine Initialization) Total Blueprint compile time: 0.00 seconds
[2022.01.30-08.47.28:509][  0]LogEditorViewport: Clicking on Actor (LMB): StaticMeshActor (Floor)
[2022.01.30-08.47.28:714][  0]LogEditorViewport: Clicking on Actor (LMB): StaticMeshActor (Wall11)
[2022.01.30-08.47.28:816][  0]LogAssetRegistry: Asset discovery search completed in 57.5350 seconds
[2022.01.30-08.47.28:962][  0]LogCollectionManager: Fixed up redirectors for 0 collections in 0.000007 seconds (updated 0 objects)
[2022.01.30-08.47.29:105][  0]LogContentStreaming: Texture pool size now 1000 MB
[2022.01.30-08.47.29:527][  2]LogSlate: Took 0.026123 seconds to synchronously load lazily loaded font '../../../Engine/Content/Slate/Fonts/Roboto-Light.ttf' (167K)
